#
# There is insufficient memory for the Java Runtime Environment to continue.
# Native memory allocation (mmap) failed to map 65536 bytes for Failed to commit metaspace.
# Possible reasons:
#   The system is out of physical RAM or swap space
#   The process is running with CompressedOops enabled, and the Java Heap may be blocking the growth of the native heap
# Possible solutions:
#   Reduce memory load on the system
#   Increase physical memory or swap space
#   Check if swap backing store is full
#   Decrease Java heap size (-Xmx/-Xms)
#   Decrease number of Java threads
#   Decrease Java thread stack sizes (-Xss)
#   Set larger code cache with -XX:ReservedCodeCacheSize=
#   JVM is running with Zero Based Compressed Oops mode in which the Java heap is
#     placed in the first 32GB address space. The Java Heap base address is the
#     maximum limit for the native heap growth. Please use -XX:HeapBaseMinAddress
#     to set the Java Heap base and to place the Java Heap above 32GB virtual address.
# This output file may be truncated or incomplete.
#
#  Out of Memory Error (virtualSpaceNode.cpp:110), pid=31184, tid=18052
#
# JRE version: OpenJDK Runtime Environment JBR-17.0.8+7-1000.8-jcef (17.0.8+7) (build 17.0.8+7-b1000.8)
# Java VM: OpenJDK 64-Bit Server VM JBR-17.0.8+7-1000.8-jcef (17.0.8+7-b1000.8, mixed mode, tiered, compressed oops, compressed class ptrs, g1 gc, windows-amd64)
# No core dump will be written. Minidumps are not enabled by default on client versions of Windows
#

---------------  S U M M A R Y ------------

Command Line: git4idea.http.GitAskPassApp Username for 'https://github.com': 

Host: AMD Ryzen 5 5600U with Radeon Graphics         , 12 cores, 15G,  Windows 10 , 64 bit Build 19041 (10.0.19041.3155)
Time: Thu Sep  7 10:08:01 2023  Windows 10 , 64 bit Build 19041 (10.0.19041.3155) elapsed time: 0.119229 seconds (0d 0h 0m 0s)

---------------  T H R E A D  ---------------

Current thread (0x0000016dfcaa7db0):  JavaThread "main" [_thread_in_vm, id=18052, stack(0x0000001d33700000,0x0000001d33800000)]

Stack: [0x0000001d33700000,0x0000001d33800000]
Native frames: (J=compiled Java code, j=interpreted, Vv=VM code, C=native code)
V  [jvm.dll+0x6852da]
V  [jvm.dll+0x844c84]
V  [jvm.dll+0x84659e]
V  [jvm.dll+0x846c03]
V  [jvm.dll+0x24b7cf]
V  [jvm.dll+0x84003b]
V  [jvm.dll+0x6296c6]
V  [jvm.dll+0x1c2dee]
V  [jvm.dll+0x62c011]
V  [jvm.dll+0x62a066]
V  [jvm.dll+0x248abc]
V  [jvm.dll+0x6dca1d]
V  [jvm.dll+0x6dd44f]
V  [jvm.dll+0x377ee0]
V  [jvm.dll+0x413e3e]
V  [jvm.dll+0x41f75e]
C  0x0000016d8abed621

Java frames: (J=compiled Java code, j=interpreted, Vv=VM code)
j  java.lang.Class.getDeclaredMethods0(Z)[Ljava/lang/reflect/Method;+0 java.base@17.0.8
j  java.lang.Class.privateGetDeclaredMethods(Z)[Ljava/lang/reflect/Method;+34 java.base@17.0.8
j  java.lang.Class.getDeclaredPublicMethods(Ljava/lang/String;[Ljava/lang/Class;)Ljava/util/List;+2 java.base@17.0.8
j  java.lang.System$2.getDeclaredPublicMethods(Ljava/lang/Class;Ljava/lang/String;[Ljava/lang/Class;)Ljava/util/List;+3 java.base@17.0.8
j  java.util.ServiceLoader.findStaticProviderMethod(Ljava/lang/Class;)Ljava/lang/reflect/Method;+12 java.base@17.0.8
j  java.util.ServiceLoader.loadProvider(Ljdk/internal/module/ServicesCatalog$ServiceProvider;)Ljava/util/ServiceLoader$Provider;+241 java.base@17.0.8
j  java.util.ServiceLoader$ModuleServicesLookupIterator.hasNext()Z+79 java.base@17.0.8
j  java.util.ServiceLoader$2.hasNext()Z+4 java.base@17.0.8
j  java.util.ServiceLoader$3.hasNext()Z+32 java.base@17.0.8
j  sun.security.jca.ProviderConfig$ProviderLoader.load(Ljava/lang/String;)Ljava/security/Provider;+45 java.base@17.0.8
j  sun.security.jca.ProviderConfig$3.run()Ljava/security/Provider;+44 java.base@17.0.8
j  sun.security.jca.ProviderConfig$3.run()Ljava/lang/Object;+1 java.base@17.0.8
j  java.security.AccessController.executePrivileged(Ljava/security/PrivilegedAction;Ljava/security/AccessControlContext;Ljava/lang/Class;)Ljava/lang/Object;+29 java.base@17.0.8
j  java.security.AccessController.doPrivileged(Ljava/security/PrivilegedAction;)Ljava/lang/Object;+5 java.base@17.0.8
j  sun.security.jca.ProviderConfig.doLoadProvider()Ljava/security/Provider;+8 java.base@17.0.8
j  sun.security.jca.ProviderConfig.getProvider()Ljava/security/Provider;+281 java.base@17.0.8
j  sun.security.jca.ProviderList.getProvider(I)Ljava/security/Provider;+6 java.base@17.0.8
j  sun.security.jca.ProviderList.getService(Ljava/lang/String;Ljava/lang/String;)Ljava/security/Provider$Service;+90 java.base@17.0.8
j  sun.security.jca.GetInstance.getInstance(Ljava/lang/String;Ljava/lang/Class;Ljava/lang/String;)Lsun/security/jca/GetInstance$Instance;+7 java.base@17.0.8
j  javax.net.ssl.SSLContext.getInstance(Ljava/lang/String;)Ljavax/net/ssl/SSLContext;+12 java.base@17.0.8
j  externalApp.ExternalAppUtil.sendIdeRequest(Ljava/lang/String;ILjava/lang/String;Ljava/lang/String;)LexternalApp/ExternalAppUtil$Result;+34
j  git4idea.http.GitAskPassApp.main([Ljava/lang/String;)V+37
v  ~StubRoutines::call_stub

---------------  P R O C E S S  ---------------

Threads class SMR info:
_java_thread_list=0x0000016d9c400950, length=12, elements={
0x0000016dfcaa7db0, 0x0000016d9c238cb0, 0x0000016d9c239930, 0x0000016d9c26e5a0,
0x0000016d9c26ef60, 0x0000016d9c26f920, 0x0000016d9c2702e0, 0x0000016d9c270fd0,
0x0000016d9c2968d0, 0x0000016d9c2bf690, 0x0000016d9c42d420, 0x0000016d9c42d900
}

Java Threads: ( => current thread )
=>0x0000016dfcaa7db0 JavaThread "main" [_thread_in_vm, id=18052, stack(0x0000001d33700000,0x0000001d33800000)]
  0x0000016d9c238cb0 JavaThread "Reference Handler" daemon [_thread_blocked, id=1532, stack(0x0000001d33e00000,0x0000001d33f00000)]
  0x0000016d9c239930 JavaThread "Finalizer" daemon [_thread_blocked, id=24196, stack(0x0000001d33f00000,0x0000001d34000000)]
  0x0000016d9c26e5a0 JavaThread "Signal Dispatcher" daemon [_thread_blocked, id=25876, stack(0x0000001d34000000,0x0000001d34100000)]
  0x0000016d9c26ef60 JavaThread "Attach Listener" daemon [_thread_blocked, id=28184, stack(0x0000001d34100000,0x0000001d34200000)]
  0x0000016d9c26f920 JavaThread "Service Thread" daemon [_thread_blocked, id=19548, stack(0x0000001d34200000,0x0000001d34300000)]
  0x0000016d9c2702e0 JavaThread "Monitor Deflation Thread" daemon [_thread_blocked, id=2668, stack(0x0000001d34300000,0x0000001d34400000)]
  0x0000016d9c270fd0 JavaThread "C2 CompilerThread0" daemon [_thread_blocked, id=27460, stack(0x0000001d34400000,0x0000001d34500000)]
  0x0000016d9c2968d0 JavaThread "C1 CompilerThread0" daemon [_thread_blocked, id=4716, stack(0x0000001d34500000,0x0000001d34600000)]
  0x0000016d9c2bf690 JavaThread "Sweeper thread" daemon [_thread_blocked, id=27660, stack(0x0000001d34600000,0x0000001d34700000)]
  0x0000016d9c42d420 JavaThread "Notification Thread" daemon [_thread_blocked, id=22224, stack(0x0000001d34700000,0x0000001d34800000)]
  0x0000016d9c42d900 JavaThread "Common-Cleaner" daemon [_thread_blocked, id=34500, stack(0x0000001d34900000,0x0000001d34a00000)]

Other Threads:
  0x0000016dff48b980 VMThread "VM Thread" [stack: 0x0000001d33d00000,0x0000001d33e00000] [id=17504]
  0x0000016dfcb35d00 WatcherThread [stack: 0x0000001d34800000,0x0000001d34900000] [id=32244]
  0x0000016dfcb11aa0 GCTaskThread "GC Thread#0" [stack: 0x0000001d33800000,0x0000001d33900000] [id=20540]
  0x0000016dfcb22070 ConcurrentGCThread "G1 Main Marker" [stack: 0x0000001d33900000,0x0000001d33a00000] [id=32572]
  0x0000016dfcb24230 ConcurrentGCThread "G1 Conc#0" [stack: 0x0000001d33a00000,0x0000001d33b00000] [id=16416]
  0x0000016dfcb6ea50 ConcurrentGCThread "G1 Refine#0" [stack: 0x0000001d33b00000,0x0000001d33c00000] [id=28720]
  0x0000016dff33c520 ConcurrentGCThread "G1 Service" [stack: 0x0000001d33c00000,0x0000001d33d00000] [id=1180]

Threads with active compile tasks:

VM state: not at safepoint (normal execution)

VM Mutex/Monitor currently owned by a thread:  ([mutex/lock_event])
[0x0000016dfcaa1d90] Metaspace_lock - owner thread: 0x0000016dfcaa7db0

Heap address: 0x0000000709800000, size: 3944 MB, Compressed Oops mode: Zero based, Oop shift amount: 3

CDS archive(s) not mapped
Compressed class space mapped at: 0x0000000800000000-0x0000000840000000, reserved size: 1073741824
Narrow klass base: 0x0000000800000000, Narrow klass shift: 0, Narrow klass range: 0x40000000

GC Precious Log:
 CPUs: 12 total, 12 available
 Memory: 15773M
 Large Page Support: Disabled
 NUMA Support: Disabled
 Compressed Oops: Enabled (Zero based)
 Heap Region Size: 2M
 Heap Min Capacity: 8M
 Heap Initial Capacity: 248M
 Heap Max Capacity: 3944M
 Pre-touch: Disabled
 Parallel Workers: 10
 Concurrent Workers: 3
 Concurrent Refinement Workers: 10
 Periodic GC: Disabled

Heap:
 garbage-first heap   total 253952K, used 2048K [0x0000000709800000, 0x0000000800000000)
  region size 2048K, 2 young (4096K), 0 survivors (0K)
 Metaspace       used 6743K, committed 6912K, reserved 1114112K
  class space    used 597K, committed 704K, reserved 1048576K

Heap Regions: E=young(eden), S=young(survivor), O=old, HS=humongous(starts), HC=humongous(continues), CS=collection set, F=free, OA=open archive, CA=closed archive, TAMS=top-at-mark-start (previous, next)
|   0|0x0000000709800000, 0x0000000709800000, 0x0000000709a00000|  0%| F|  |TAMS 0x0000000709800000, 0x0000000709800000| Untracked 
|   1|0x0000000709a00000, 0x0000000709a00000, 0x0000000709c00000|  0%| F|  |TAMS 0x0000000709a00000, 0x0000000709a00000| Untracked 
|   2|0x0000000709c00000, 0x0000000709c00000, 0x0000000709e00000|  0%| F|  |TAMS 0x0000000709c00000, 0x0000000709c00000| Untracked 
|   3|0x0000000709e00000, 0x0000000709e00000, 0x000000070a000000|  0%| F|  |TAMS 0x0000000709e00000, 0x0000000709e00000| Untracked 
|   4|0x000000070a000000, 0x000000070a000000, 0x000000070a200000|  0%| F|  |TAMS 0x000000070a000000, 0x000000070a000000| Untracked 
|   5|0x000000070a200000, 0x000000070a200000, 0x000000070a400000|  0%| F|  |TAMS 0x000000070a200000, 0x000000070a200000| Untracked 
|   6|0x000000070a400000, 0x000000070a400000, 0x000000070a600000|  0%| F|  |TAMS 0x000000070a400000, 0x000000070a400000| Untracked 
|   7|0x000000070a600000, 0x000000070a600000, 0x000000070a800000|  0%| F|  |TAMS 0x000000070a600000, 0x000000070a600000| Untracked 
|   8|0x000000070a800000, 0x000000070a800000, 0x000000070aa00000|  0%| F|  |TAMS 0x000000070a800000, 0x000000070a800000| Untracked 
|   9|0x000000070aa00000, 0x000000070aa00000, 0x000000070ac00000|  0%| F|  |TAMS 0x000000070aa00000, 0x000000070aa00000| Untracked 
|  10|0x000000070ac00000, 0x000000070ac00000, 0x000000070ae00000|  0%| F|  |TAMS 0x000000070ac00000, 0x000000070ac00000| Untracked 
|  11|0x000000070ae00000, 0x000000070ae00000, 0x000000070b000000|  0%| F|  |TAMS 0x000000070ae00000, 0x000000070ae00000| Untracked 
|  12|0x000000070b000000, 0x000000070b000000, 0x000000070b200000|  0%| F|  |TAMS 0x000000070b000000, 0x000000070b000000| Untracked 
|  13|0x000000070b200000, 0x000000070b200000, 0x000000070b400000|  0%| F|  |TAMS 0x000000070b200000, 0x000000070b200000| Untracked 
|  14|0x000000070b400000, 0x000000070b400000, 0x000000070b600000|  0%| F|  |TAMS 0x000000070b400000, 0x000000070b400000| Untracked 
|  15|0x000000070b600000, 0x000000070b600000, 0x000000070b800000|  0%| F|  |TAMS 0x000000070b600000, 0x000000070b600000| Untracked 
|  16|0x000000070b800000, 0x000000070b800000, 0x000000070ba00000|  0%| F|  |TAMS 0x000000070b800000, 0x000000070b800000| Untracked 
|  17|0x000000070ba00000, 0x000000070ba00000, 0x000000070bc00000|  0%| F|  |TAMS 0x000000070ba00000, 0x000000070ba00000| Untracked 
|  18|0x000000070bc00000, 0x000000070bc00000, 0x000000070be00000|  0%| F|  |TAMS 0x000000070bc00000, 0x000000070bc00000| Untracked 
|  19|0x000000070be00000, 0x000000070be00000, 0x000000070c000000|  0%| F|  |TAMS 0x000000070be00000, 0x000000070be00000| Untracked 
|  20|0x000000070c000000, 0x000000070c000000, 0x000000070c200000|  0%| F|  |TAMS 0x000000070c000000, 0x000000070c000000| Untracked 
|  21|0x000000070c200000, 0x000000070c200000, 0x000000070c400000|  0%| F|  |TAMS 0x000000070c200000, 0x000000070c200000| Untracked 
|  22|0x000000070c400000, 0x000000070c400000, 0x000000070c600000|  0%| F|  |TAMS 0x000000070c400000, 0x000000070c400000| Untracked 
|  23|0x000000070c600000, 0x000000070c600000, 0x000000070c800000|  0%| F|  |TAMS 0x000000070c600000, 0x000000070c600000| Untracked 
|  24|0x000000070c800000, 0x000000070c800000, 0x000000070ca00000|  0%| F|  |TAMS 0x000000070c800000, 0x000000070c800000| Untracked 
|  25|0x000000070ca00000, 0x000000070ca00000, 0x000000070cc00000|  0%| F|  |TAMS 0x000000070ca00000, 0x000000070ca00000| Untracked 
|  26|0x000000070cc00000, 0x000000070cc00000, 0x000000070ce00000|  0%| F|  |TAMS 0x000000070cc00000, 0x000000070cc00000| Untracked 
|  27|0x000000070ce00000, 0x000000070ce00000, 0x000000070d000000|  0%| F|  |TAMS 0x000000070ce00000, 0x000000070ce00000| Untracked 
|  28|0x000000070d000000, 0x000000070d000000, 0x000000070d200000|  0%| F|  |TAMS 0x000000070d000000, 0x000000070d000000| Untracked 
|  29|0x000000070d200000, 0x000000070d200000, 0x000000070d400000|  0%| F|  |TAMS 0x000000070d200000, 0x000000070d200000| Untracked 
|  30|0x000000070d400000, 0x000000070d400000, 0x000000070d600000|  0%| F|  |TAMS 0x000000070d400000, 0x000000070d400000| Untracked 
|  31|0x000000070d600000, 0x000000070d600000, 0x000000070d800000|  0%| F|  |TAMS 0x000000070d600000, 0x000000070d600000| Untracked 
|  32|0x000000070d800000, 0x000000070d800000, 0x000000070da00000|  0%| F|  |TAMS 0x000000070d800000, 0x000000070d800000| Untracked 
|  33|0x000000070da00000, 0x000000070da00000, 0x000000070dc00000|  0%| F|  |TAMS 0x000000070da00000, 0x000000070da00000| Untracked 
|  34|0x000000070dc00000, 0x000000070dc00000, 0x000000070de00000|  0%| F|  |TAMS 0x000000070dc00000, 0x000000070dc00000| Untracked 
|  35|0x000000070de00000, 0x000000070de00000, 0x000000070e000000|  0%| F|  |TAMS 0x000000070de00000, 0x000000070de00000| Untracked 
|  36|0x000000070e000000, 0x000000070e000000, 0x000000070e200000|  0%| F|  |TAMS 0x000000070e000000, 0x000000070e000000| Untracked 
|  37|0x000000070e200000, 0x000000070e200000, 0x000000070e400000|  0%| F|  |TAMS 0x000000070e200000, 0x000000070e200000| Untracked 
|  38|0x000000070e400000, 0x000000070e400000, 0x000000070e600000|  0%| F|  |TAMS 0x000000070e400000, 0x000000070e400000| Untracked 
|  39|0x000000070e600000, 0x000000070e600000, 0x000000070e800000|  0%| F|  |TAMS 0x000000070e600000, 0x000000070e600000| Untracked 
|  40|0x000000070e800000, 0x000000070e800000, 0x000000070ea00000|  0%| F|  |TAMS 0x000000070e800000, 0x000000070e800000| Untracked 
|  41|0x000000070ea00000, 0x000000070ea00000, 0x000000070ec00000|  0%| F|  |TAMS 0x000000070ea00000, 0x000000070ea00000| Untracked 
|  42|0x000000070ec00000, 0x000000070ec00000, 0x000000070ee00000|  0%| F|  |TAMS 0x000000070ec00000, 0x000000070ec00000| Untracked 
|  43|0x000000070ee00000, 0x000000070ee00000, 0x000000070f000000|  0%| F|  |TAMS 0x000000070ee00000, 0x000000070ee00000| Untracked 
|  44|0x000000070f000000, 0x000000070f000000, 0x000000070f200000|  0%| F|  |TAMS 0x000000070f000000, 0x000000070f000000| Untracked 
|  45|0x000000070f200000, 0x000000070f200000, 0x000000070f400000|  0%| F|  |TAMS 0x000000070f200000, 0x000000070f200000| Untracked 
|  46|0x000000070f400000, 0x000000070f400000, 0x000000070f600000|  0%| F|  |TAMS 0x000000070f400000, 0x000000070f400000| Untracked 
|  47|0x000000070f600000, 0x000000070f600000, 0x000000070f800000|  0%| F|  |TAMS 0x000000070f600000, 0x000000070f600000| Untracked 
|  48|0x000000070f800000, 0x000000070f800000, 0x000000070fa00000|  0%| F|  |TAMS 0x000000070f800000, 0x000000070f800000| Untracked 
|  49|0x000000070fa00000, 0x000000070fa00000, 0x000000070fc00000|  0%| F|  |TAMS 0x000000070fa00000, 0x000000070fa00000| Untracked 
|  50|0x000000070fc00000, 0x000000070fc00000, 0x000000070fe00000|  0%| F|  |TAMS 0x000000070fc00000, 0x000000070fc00000| Untracked 
|  51|0x000000070fe00000, 0x000000070fe00000, 0x0000000710000000|  0%| F|  |TAMS 0x000000070fe00000, 0x000000070fe00000| Untracked 
|  52|0x0000000710000000, 0x0000000710000000, 0x0000000710200000|  0%| F|  |TAMS 0x0000000710000000, 0x0000000710000000| Untracked 
|  53|0x0000000710200000, 0x0000000710200000, 0x0000000710400000|  0%| F|  |TAMS 0x0000000710200000, 0x0000000710200000| Untracked 
|  54|0x0000000710400000, 0x0000000710400000, 0x0000000710600000|  0%| F|  |TAMS 0x0000000710400000, 0x0000000710400000| Untracked 
|  55|0x0000000710600000, 0x0000000710600000, 0x0000000710800000|  0%| F|  |TAMS 0x0000000710600000, 0x0000000710600000| Untracked 
|  56|0x0000000710800000, 0x0000000710800000, 0x0000000710a00000|  0%| F|  |TAMS 0x0000000710800000, 0x0000000710800000| Untracked 
|  57|0x0000000710a00000, 0x0000000710a00000, 0x0000000710c00000|  0%| F|  |TAMS 0x0000000710a00000, 0x0000000710a00000| Untracked 
|  58|0x0000000710c00000, 0x0000000710c00000, 0x0000000710e00000|  0%| F|  |TAMS 0x0000000710c00000, 0x0000000710c00000| Untracked 
|  59|0x0000000710e00000, 0x0000000710e00000, 0x0000000711000000|  0%| F|  |TAMS 0x0000000710e00000, 0x0000000710e00000| Untracked 
|  60|0x0000000711000000, 0x0000000711000000, 0x0000000711200000|  0%| F|  |TAMS 0x0000000711000000, 0x0000000711000000| Untracked 
|  61|0x0000000711200000, 0x0000000711200000, 0x0000000711400000|  0%| F|  |TAMS 0x0000000711200000, 0x0000000711200000| Untracked 
|  62|0x0000000711400000, 0x0000000711400000, 0x0000000711600000|  0%| F|  |TAMS 0x0000000711400000, 0x0000000711400000| Untracked 
|  63|0x0000000711600000, 0x0000000711600000, 0x0000000711800000|  0%| F|  |TAMS 0x0000000711600000, 0x0000000711600000| Untracked 
|  64|0x0000000711800000, 0x0000000711800000, 0x0000000711a00000|  0%| F|  |TAMS 0x0000000711800000, 0x0000000711800000| Untracked 
|  65|0x0000000711a00000, 0x0000000711a00000, 0x0000000711c00000|  0%| F|  |TAMS 0x0000000711a00000, 0x0000000711a00000| Untracked 
|  66|0x0000000711c00000, 0x0000000711c00000, 0x0000000711e00000|  0%| F|  |TAMS 0x0000000711c00000, 0x0000000711c00000| Untracked 
|  67|0x0000000711e00000, 0x0000000711e00000, 0x0000000712000000|  0%| F|  |TAMS 0x0000000711e00000, 0x0000000711e00000| Untracked 
|  68|0x0000000712000000, 0x0000000712000000, 0x0000000712200000|  0%| F|  |TAMS 0x0000000712000000, 0x0000000712000000| Untracked 
|  69|0x0000000712200000, 0x0000000712200000, 0x0000000712400000|  0%| F|  |TAMS 0x0000000712200000, 0x0000000712200000| Untracked 
|  70|0x0000000712400000, 0x0000000712400000, 0x0000000712600000|  0%| F|  |TAMS 0x0000000712400000, 0x0000000712400000| Untracked 
|  71|0x0000000712600000, 0x0000000712600000, 0x0000000712800000|  0%| F|  |TAMS 0x0000000712600000, 0x0000000712600000| Untracked 
|  72|0x0000000712800000, 0x0000000712800000, 0x0000000712a00000|  0%| F|  |TAMS 0x0000000712800000, 0x0000000712800000| Untracked 
|  73|0x0000000712a00000, 0x0000000712a00000, 0x0000000712c00000|  0%| F|  |TAMS 0x0000000712a00000, 0x0000000712a00000| Untracked 
|  74|0x0000000712c00000, 0x0000000712c00000, 0x0000000712e00000|  0%| F|  |TAMS 0x0000000712c00000, 0x0000000712c00000| Untracked 
|  75|0x0000000712e00000, 0x0000000712e00000, 0x0000000713000000|  0%| F|  |TAMS 0x0000000712e00000, 0x0000000712e00000| Untracked 
|  76|0x0000000713000000, 0x0000000713000000, 0x0000000713200000|  0%| F|  |TAMS 0x0000000713000000, 0x0000000713000000| Untracked 
|  77|0x0000000713200000, 0x0000000713200000, 0x0000000713400000|  0%| F|  |TAMS 0x0000000713200000, 0x0000000713200000| Untracked 
|  78|0x0000000713400000, 0x0000000713400000, 0x0000000713600000|  0%| F|  |TAMS 0x0000000713400000, 0x0000000713400000| Untracked 
|  79|0x0000000713600000, 0x0000000713600000, 0x0000000713800000|  0%| F|  |TAMS 0x0000000713600000, 0x0000000713600000| Untracked 
|  80|0x0000000713800000, 0x0000000713800000, 0x0000000713a00000|  0%| F|  |TAMS 0x0000000713800000, 0x0000000713800000| Untracked 
|  81|0x0000000713a00000, 0x0000000713a00000, 0x0000000713c00000|  0%| F|  |TAMS 0x0000000713a00000, 0x0000000713a00000| Untracked 
|  82|0x0000000713c00000, 0x0000000713c00000, 0x0000000713e00000|  0%| F|  |TAMS 0x0000000713c00000, 0x0000000713c00000| Untracked 
|  83|0x0000000713e00000, 0x0000000713e00000, 0x0000000714000000|  0%| F|  |TAMS 0x0000000713e00000, 0x0000000713e00000| Untracked 
|  84|0x0000000714000000, 0x0000000714000000, 0x0000000714200000|  0%| F|  |TAMS 0x0000000714000000, 0x0000000714000000| Untracked 
|  85|0x0000000714200000, 0x0000000714200000, 0x0000000714400000|  0%| F|  |TAMS 0x0000000714200000, 0x0000000714200000| Untracked 
|  86|0x0000000714400000, 0x0000000714400000, 0x0000000714600000|  0%| F|  |TAMS 0x0000000714400000, 0x0000000714400000| Untracked 
|  87|0x0000000714600000, 0x0000000714600000, 0x0000000714800000|  0%| F|  |TAMS 0x0000000714600000, 0x0000000714600000| Untracked 
|  88|0x0000000714800000, 0x0000000714800000, 0x0000000714a00000|  0%| F|  |TAMS 0x0000000714800000, 0x0000000714800000| Untracked 
|  89|0x0000000714a00000, 0x0000000714a00000, 0x0000000714c00000|  0%| F|  |TAMS 0x0000000714a00000, 0x0000000714a00000| Untracked 
|  90|0x0000000714c00000, 0x0000000714c00000, 0x0000000714e00000|  0%| F|  |TAMS 0x0000000714c00000, 0x0000000714c00000| Untracked 
|  91|0x0000000714e00000, 0x0000000714e00000, 0x0000000715000000|  0%| F|  |TAMS 0x0000000714e00000, 0x0000000714e00000| Untracked 
|  92|0x0000000715000000, 0x0000000715000000, 0x0000000715200000|  0%| F|  |TAMS 0x0000000715000000, 0x0000000715000000| Untracked 
|  93|0x0000000715200000, 0x0000000715200000, 0x0000000715400000|  0%| F|  |TAMS 0x0000000715200000, 0x0000000715200000| Untracked 
|  94|0x0000000715400000, 0x0000000715400000, 0x0000000715600000|  0%| F|  |TAMS 0x0000000715400000, 0x0000000715400000| Untracked 
|  95|0x0000000715600000, 0x0000000715600000, 0x0000000715800000|  0%| F|  |TAMS 0x0000000715600000, 0x0000000715600000| Untracked 
|  96|0x0000000715800000, 0x0000000715800000, 0x0000000715a00000|  0%| F|  |TAMS 0x0000000715800000, 0x0000000715800000| Untracked 
|  97|0x0000000715a00000, 0x0000000715a00000, 0x0000000715c00000|  0%| F|  |TAMS 0x0000000715a00000, 0x0000000715a00000| Untracked 
|  98|0x0000000715c00000, 0x0000000715c00000, 0x0000000715e00000|  0%| F|  |TAMS 0x0000000715c00000, 0x0000000715c00000| Untracked 
|  99|0x0000000715e00000, 0x0000000715e00000, 0x0000000716000000|  0%| F|  |TAMS 0x0000000715e00000, 0x0000000715e00000| Untracked 
| 100|0x0000000716000000, 0x0000000716000000, 0x0000000716200000|  0%| F|  |TAMS 0x0000000716000000, 0x0000000716000000| Untracked 
| 101|0x0000000716200000, 0x0000000716200000, 0x0000000716400000|  0%| F|  |TAMS 0x0000000716200000, 0x0000000716200000| Untracked 
| 102|0x0000000716400000, 0x0000000716400000, 0x0000000716600000|  0%| F|  |TAMS 0x0000000716400000, 0x0000000716400000| Untracked 
| 103|0x0000000716600000, 0x0000000716600000, 0x0000000716800000|  0%| F|  |TAMS 0x0000000716600000, 0x0000000716600000| Untracked 
| 104|0x0000000716800000, 0x0000000716800000, 0x0000000716a00000|  0%| F|  |TAMS 0x0000000716800000, 0x0000000716800000| Untracked 
| 105|0x0000000716a00000, 0x0000000716a00000, 0x0000000716c00000|  0%| F|  |TAMS 0x0000000716a00000, 0x0000000716a00000| Untracked 
| 106|0x0000000716c00000, 0x0000000716c00000, 0x0000000716e00000|  0%| F|  |TAMS 0x0000000716c00000, 0x0000000716c00000| Untracked 
| 107|0x0000000716e00000, 0x0000000716e00000, 0x0000000717000000|  0%| F|  |TAMS 0x0000000716e00000, 0x0000000716e00000| Untracked 
| 108|0x0000000717000000, 0x0000000717000000, 0x0000000717200000|  0%| F|  |TAMS 0x0000000717000000, 0x0000000717000000| Untracked 
| 109|0x0000000717200000, 0x0000000717200000, 0x0000000717400000|  0%| F|  |TAMS 0x0000000717200000, 0x0000000717200000| Untracked 
| 110|0x0000000717400000, 0x0000000717400000, 0x0000000717600000|  0%| F|  |TAMS 0x0000000717400000, 0x0000000717400000| Untracked 
| 111|0x0000000717600000, 0x0000000717600000, 0x0000000717800000|  0%| F|  |TAMS 0x0000000717600000, 0x0000000717600000| Untracked 
| 112|0x0000000717800000, 0x0000000717800000, 0x0000000717a00000|  0%| F|  |TAMS 0x0000000717800000, 0x0000000717800000| Untracked 
| 113|0x0000000717a00000, 0x0000000717a00000, 0x0000000717c00000|  0%| F|  |TAMS 0x0000000717a00000, 0x0000000717a00000| Untracked 
| 114|0x0000000717c00000, 0x0000000717c00000, 0x0000000717e00000|  0%| F|  |TAMS 0x0000000717c00000, 0x0000000717c00000| Untracked 
| 115|0x0000000717e00000, 0x0000000717e00000, 0x0000000718000000|  0%| F|  |TAMS 0x0000000717e00000, 0x0000000717e00000| Untracked 
| 116|0x0000000718000000, 0x0000000718000000, 0x0000000718200000|  0%| F|  |TAMS 0x0000000718000000, 0x0000000718000000| Untracked 
| 117|0x0000000718200000, 0x0000000718200000, 0x0000000718400000|  0%| F|  |TAMS 0x0000000718200000, 0x0000000718200000| Untracked 
| 118|0x0000000718400000, 0x0000000718400000, 0x0000000718600000|  0%| F|  |TAMS 0x0000000718400000, 0x0000000718400000| Untracked 
| 119|0x0000000718600000, 0x0000000718600000, 0x0000000718800000|  0%| F|  |TAMS 0x0000000718600000, 0x0000000718600000| Untracked 
| 120|0x0000000718800000, 0x0000000718800000, 0x0000000718a00000|  0%| F|  |TAMS 0x0000000718800000, 0x0000000718800000| Untracked 
| 121|0x0000000718a00000, 0x0000000718a00000, 0x0000000718c00000|  0%| F|  |TAMS 0x0000000718a00000, 0x0000000718a00000| Untracked 
| 122|0x0000000718c00000, 0x0000000718c71258, 0x0000000718e00000| 22%| E|  |TAMS 0x0000000718c00000, 0x0000000718c00000| Complete 
| 123|0x0000000718e00000, 0x0000000719000000, 0x0000000719000000|100%| E|CS|TAMS 0x0000000718e00000, 0x0000000718e00000| Complete 

Card table byte_map: [0x0000016dfd880000,0x0000016dfe040000] _byte_map_base: 0x0000016dfa034000

Marking Bits (Prev, Next): (CMBitMap*) 0x0000016dfcb120c0, (CMBitMap*) 0x0000016dfcb12100
 Prev Bits: [0x0000016d926b0000, 0x0000016d96450000)
 Next Bits: [0x0000016d96450000, 0x0000016d9a1f0000)

Polling page: 0x0000016dfaa50000

Metaspace:

Usage:
  Non-class:      6.00 MB used.
      Class:    597.16 KB used.
       Both:      6.59 MB used.

Virtual space:
  Non-class space:       64.00 MB reserved,       6.06 MB (  9%) committed,  1 nodes.
      Class space:        1.00 GB reserved,     704.00 KB ( <1%) committed,  1 nodes.
             Both:        1.06 GB reserved,       6.75 MB ( <1%) committed. 

Chunk freelists:
   Non-Class:  8.98 MB
       Class:  15.24 MB
        Both:  24.23 MB

MaxMetaspaceSize: unlimited
CompressedClassSpaceSize: 1.00 GB
Initial GC threshold: 21.00 MB
Current GC threshold: 21.00 MB
CDS: off
MetaspaceReclaimPolicy: balanced
 - commit_granule_bytes: 65536.
 - commit_granule_words: 8192.
 - virtual_space_node_default_size: 8388608.
 - enlarge_chunks_in_place: 1.
 - new_chunks_are_fully_committed: 0.
 - uncommit_free_chunks: 1.
 - use_allocation_guard: 0.
 - handle_deallocations: 1.


Internal statistics:

num_allocs_failed_limit: 0.
num_arena_births: 6.
num_arena_deaths: 0.
num_vsnodes_births: 2.
num_vsnodes_deaths: 0.
num_space_committed: 108.
num_space_uncommitted: 0.
num_chunks_returned_to_freelist: 0.
num_chunks_taken_from_freelist: 27.
num_chunk_merges: 0.
num_chunk_splits: 13.
num_chunks_enlarged: 5.
num_inconsistent_stats: 0.

CodeHeap 'non-profiled nmethods': size=120000Kb used=37Kb max_used=37Kb free=119962Kb
 bounds [0x0000016d8b180000, 0x0000016d8b3f0000, 0x0000016d926b0000]
CodeHeap 'profiled nmethods': size=120000Kb used=219Kb max_used=219Kb free=119780Kb
 bounds [0x0000016d836b0000, 0x0000016d83920000, 0x0000016d8abe0000]
CodeHeap 'non-nmethods': size=5760Kb used=1117Kb max_used=1130Kb free=4642Kb
 bounds [0x0000016d8abe0000, 0x0000016d8ae50000, 0x0000016d8b180000]
 total_blobs=554 nmethods=158 adapters=309
 compilation: enabled
              stopped_count=0, restarted_count=0
 full_count=0

Compilation events (20 events):
Event: 0.114 Thread 0x0000016d9c2968d0  148       3       java.lang.StringLatin1::toLowerCase (186 bytes)
Event: 0.114 Thread 0x0000016d9c2968d0 nmethod 148 0x0000016d836e2e10 code [0x0000016d836e3080, 0x0000016d836e3bd8]
Event: 0.115 Thread 0x0000016d9c2968d0  149       3       java.nio.Buffer::scope (17 bytes)
Event: 0.115 Thread 0x0000016d9c2968d0 nmethod 149 0x0000016d836e4010 code [0x0000016d836e41c0, 0x0000016d836e4368]
Event: 0.115 Thread 0x0000016d9c2968d0  150       3       java.nio.Buffer::checkIndex (22 bytes)
Event: 0.115 Thread 0x0000016d9c2968d0 nmethod 150 0x0000016d836e4410 code [0x0000016d836e45c0, 0x0000016d836e47c8]
Event: 0.115 Thread 0x0000016d9c2968d0  152   !   3       java.nio.DirectByteBuffer::get (34 bytes)
Event: 0.115 Thread 0x0000016d9c2968d0 nmethod 152 0x0000016d836e4890 code [0x0000016d836e4ac0, 0x0000016d836e5318]
Event: 0.115 Thread 0x0000016d9c2968d0  153       3       java.nio.DirectByteBuffer::ix (10 bytes)
Event: 0.115 Thread 0x0000016d9c2968d0 nmethod 153 0x0000016d836e5790 code [0x0000016d836e5920, 0x0000016d836e5a38]
Event: 0.115 Thread 0x0000016d9c2968d0  154   !   3       jdk.internal.misc.ScopedMemoryAccess::getByte (20 bytes)
Event: 0.115 Thread 0x0000016d9c270fd0  158       4       java.lang.String::length (11 bytes)
Event: 0.115 Thread 0x0000016d9c2968d0 nmethod 154 0x0000016d836e5b10 code [0x0000016d836e5ce0, 0x0000016d836e6178]
Event: 0.115 Thread 0x0000016d9c2968d0  155   !   3       jdk.internal.misc.ScopedMemoryAccess::getByteInternal (36 bytes)
Event: 0.115 Thread 0x0000016d9c270fd0 nmethod 158 0x0000016d8b188f90 code [0x0000016d8b189100, 0x0000016d8b189198]
Event: 0.115 Thread 0x0000016d9c2968d0 nmethod 155 0x0000016d836e6390 code [0x0000016d836e6540, 0x0000016d836e67a8]
Event: 0.115 Thread 0x0000016d9c2968d0  151  s    3       java.util.Properties::put (10 bytes)
Event: 0.116 Thread 0x0000016d9c2968d0 nmethod 151 0x0000016d836e6910 code [0x0000016d836e6ac0, 0x0000016d836e6d28]
Event: 0.116 Thread 0x0000016d9c2968d0  156       1       java.nio.Buffer::limit (5 bytes)
Event: 0.116 Thread 0x0000016d9c2968d0 nmethod 156 0x0000016d8b189290 code [0x0000016d8b189420, 0x0000016d8b1894f8]

GC Heap History (0 events):
No events

Dll operation events (1 events):
Event: 0.005 Loaded shared library C:\Program Files\JetBrains\PyCharm Community Edition 2023.2.1\jbr\bin\java.dll

Deoptimization events (0 events):
No events

Classes unloaded (0 events):
No events

Classes redefined (0 events):
No events

Internal exceptions (0 events):
No events

VM Operations (4 events):
Event: 0.080 Executing VM operation: HandshakeAllThreads
Event: 0.080 Executing VM operation: HandshakeAllThreads done
Event: 0.090 Executing VM operation: HandshakeAllThreads
Event: 0.090 Executing VM operation: HandshakeAllThreads done

Events (20 events):
Event: 0.114 loading class java/util/ServiceLoader$Provider done
Event: 0.114 loading class java/util/ServiceLoader$ProviderImpl done
Event: 0.114 loading class java/security/InvalidParameterException
Event: 0.114 loading class java/security/InvalidParameterException done
Event: 0.114 loading class java/security/ProviderException
Event: 0.114 loading class java/security/ProviderException done
Event: 0.116 loading class java/security/AuthProvider
Event: 0.116 loading class java/security/AuthProvider done
Event: 0.116 loading class java/security/PrivilegedActionException
Event: 0.116 loading class java/security/PrivilegedActionException done
Event: 0.116 loading class java/lang/AssertionError
Event: 0.116 loading class java/lang/AssertionError done
Event: 0.116 loading class javax/security/auth/login/LoginException
Event: 0.117 loading class javax/security/auth/login/LoginException done
Event: 0.117 loading class javax/security/auth/login/FailedLoginException
Event: 0.117 loading class javax/security/auth/login/FailedLoginException done
Event: 0.117 loading class java/lang/NumberFormatException
Event: 0.117 loading class java/lang/NumberFormatException done
Event: 0.117 loading class java/lang/UnsupportedOperationException
Event: 0.117 loading class java/lang/UnsupportedOperationException done


Dynamic libraries:
0x00007ff687b10000 - 0x00007ff687b1a000 	C:\Program Files\JetBrains\PyCharm Community Edition 2023.2.1\jbr\bin\java.exe
0x00007ffd90350000 - 0x00007ffd90548000 	C:\Windows\SYSTEM32\ntdll.dll
0x00007ffd8ef50000 - 0x00007ffd8f00f000 	C:\Windows\System32\KERNEL32.DLL
0x00007ffd8df90000 - 0x00007ffd8e286000 	C:\Windows\System32\KERNELBASE.dll
0x00007ffd8dd10000 - 0x00007ffd8de10000 	C:\Windows\System32\ucrtbase.dll
0x00007ffd75a10000 - 0x00007ffd75a27000 	C:\Program Files\JetBrains\PyCharm Community Edition 2023.2.1\jbr\bin\jli.dll
0x00007ffd7bdd0000 - 0x00007ffd7bdeb000 	C:\Program Files\JetBrains\PyCharm Community Edition 2023.2.1\jbr\bin\VCRUNTIME140.dll
0x00007ffd900c0000 - 0x00007ffd9025d000 	C:\Windows\System32\USER32.dll
0x00007ffd8def0000 - 0x00007ffd8df12000 	C:\Windows\System32\win32u.dll
0x00007ffd7b480000 - 0x00007ffd7b71a000 	C:\Windows\WinSxS\amd64_microsoft.windows.common-controls_6595b64144ccf1df_6.0.19041.1110_none_60b5254171f9507e\COMCTL32.dll
0x00007ffd8e3b0000 - 0x00007ffd8e3dc000 	C:\Windows\System32\GDI32.dll
0x00007ffd8e290000 - 0x00007ffd8e3a5000 	C:\Windows\System32\gdi32full.dll
0x00007ffd8e9e0000 - 0x00007ffd8ea7e000 	C:\Windows\System32\msvcrt.dll
0x00007ffd8dbc0000 - 0x00007ffd8dc5d000 	C:\Windows\System32\msvcp_win.dll
0x00007ffd902c0000 - 0x00007ffd902f0000 	C:\Windows\System32\IMM32.DLL
0x00007ffd88d40000 - 0x00007ffd88d4c000 	C:\Program Files\JetBrains\PyCharm Community Edition 2023.2.1\jbr\bin\vcruntime140_1.dll
0x00007ffd68860000 - 0x00007ffd688ed000 	C:\Program Files\JetBrains\PyCharm Community Edition 2023.2.1\jbr\bin\msvcp140.dll
0x00007ffd2e120000 - 0x00007ffd2eda3000 	C:\Program Files\JetBrains\PyCharm Community Edition 2023.2.1\jbr\bin\server\jvm.dll
0x00007ffd8e750000 - 0x00007ffd8e7ff000 	C:\Windows\System32\ADVAPI32.dll
0x00007ffd8fda0000 - 0x00007ffd8fe3c000 	C:\Windows\System32\sechost.dll
0x00007ffd8e8b0000 - 0x00007ffd8e9d6000 	C:\Windows\System32\RPCRT4.dll
0x00007ffd8d890000 - 0x00007ffd8d8db000 	C:\Windows\SYSTEM32\POWRPROF.dll
0x00007ffd88850000 - 0x00007ffd88859000 	C:\Windows\SYSTEM32\WSOCK32.dll
0x00007ffd831f0000 - 0x00007ffd83217000 	C:\Windows\SYSTEM32\WINMM.dll
0x00007ffd83400000 - 0x00007ffd8340a000 	C:\Windows\SYSTEM32\VERSION.dll
0x00007ffd8fac0000 - 0x00007ffd8fb2b000 	C:\Windows\System32\WS2_32.dll
0x00007ffd8d870000 - 0x00007ffd8d882000 	C:\Windows\SYSTEM32\UMPDC.dll
0x00007ffd8c280000 - 0x00007ffd8c292000 	C:\Windows\SYSTEM32\kernel.appcore.dll
0x00007ffd87b00000 - 0x00007ffd87b0a000 	C:\Program Files\JetBrains\PyCharm Community Edition 2023.2.1\jbr\bin\jimage.dll
0x00007ffd8b4a0000 - 0x00007ffd8b684000 	C:\Windows\SYSTEM32\DBGHELP.DLL
0x00007ffd79470000 - 0x00007ffd794a4000 	C:\Windows\SYSTEM32\dbgcore.DLL
0x00007ffd8de10000 - 0x00007ffd8de92000 	C:\Windows\System32\bcryptPrimitives.dll
0x00007ffd75b60000 - 0x00007ffd75b85000 	C:\Program Files\JetBrains\PyCharm Community Edition 2023.2.1\jbr\bin\java.dll
0x00007ffd7ce00000 - 0x00007ffd7ce18000 	C:\Program Files\JetBrains\PyCharm Community Edition 2023.2.1\jbr\bin\zip.dll
0x00007ffd8f370000 - 0x00007ffd8fab4000 	C:\Windows\System32\SHELL32.dll
0x00007ffd8bad0000 - 0x00007ffd8c263000 	C:\Windows\SYSTEM32\windows.storage.dll
0x00007ffd8f010000 - 0x00007ffd8f364000 	C:\Windows\System32\combase.dll
0x00007ffd8d3a0000 - 0x00007ffd8d3ce000 	C:\Windows\SYSTEM32\Wldp.dll
0x00007ffd8e800000 - 0x00007ffd8e8ad000 	C:\Windows\System32\SHCORE.dll
0x00007ffd8eef0000 - 0x00007ffd8ef45000 	C:\Windows\System32\shlwapi.dll
0x00007ffd8d960000 - 0x00007ffd8d985000 	C:\Windows\SYSTEM32\profapi.dll
0x00007ffd7cc80000 - 0x00007ffd7cc99000 	C:\Program Files\JetBrains\PyCharm Community Edition 2023.2.1\jbr\bin\net.dll
0x00007ffd84cd0000 - 0x00007ffd84dda000 	C:\Windows\SYSTEM32\WINHTTP.dll
0x00007ffd8d100000 - 0x00007ffd8d16a000 	C:\Windows\system32\mswsock.dll
0x00007ffd7cb90000 - 0x00007ffd7cba6000 	C:\Program Files\JetBrains\PyCharm Community Edition 2023.2.1\jbr\bin\nio.dll

dbghelp: loaded successfully - version: 4.0.5 - missing functions: none
symbol engine: initialized successfully - sym options: 0x614 - pdb path: .;C:\Program Files\JetBrains\PyCharm Community Edition 2023.2.1\jbr\bin;C:\Windows\SYSTEM32;C:\Windows\WinSxS\amd64_microsoft.windows.common-controls_6595b64144ccf1df_6.0.19041.1110_none_60b5254171f9507e;C:\Program Files\JetBrains\PyCharm Community Edition 2023.2.1\jbr\bin\server

VM Arguments:
java_command: git4idea.http.GitAskPassApp Username for 'https://github.com': 
java_class_path (initial): C:/Program Files/JetBrains/PyCharm Community Edition 2023.2.1/plugins/vcs-git/lib/git4idea-rt.jar;C:/Program Files/JetBrains/PyCharm Community Edition 2023.2.1/lib/externalProcess-rt.jar
Launcher Type: SUN_STANDARD

[Global flags]
     intx CICompilerCount                          = 4                                         {product} {ergonomic}
     uint ConcGCThreads                            = 3                                         {product} {ergonomic}
     uint G1ConcRefinementThreads                  = 10                                        {product} {ergonomic}
   size_t G1HeapRegionSize                         = 2097152                                   {product} {ergonomic}
    uintx GCDrainStackTargetSize                   = 64                                        {product} {ergonomic}
   size_t InitialHeapSize                          = 260046848                                 {product} {ergonomic}
   size_t MarkStackSize                            = 4194304                                   {product} {ergonomic}
   size_t MaxHeapSize                              = 4135583744                                {product} {ergonomic}
   size_t MaxNewSize                               = 2480930816                                {product} {ergonomic}
   size_t MinHeapDeltaBytes                        = 2097152                                   {product} {ergonomic}
   size_t MinHeapSize                              = 8388608                                   {product} {ergonomic}
    uintx NonNMethodCodeHeapSize                   = 5839372                                {pd product} {ergonomic}
    uintx NonProfiledCodeHeapSize                  = 122909434                              {pd product} {ergonomic}
    uintx ProfiledCodeHeapSize                     = 122909434                              {pd product} {ergonomic}
    uintx ReservedCodeCacheSize                    = 251658240                              {pd product} {ergonomic}
     bool SegmentedCodeCache                       = true                                      {product} {ergonomic}
   size_t SoftMaxHeapSize                          = 4135583744                             {manageable} {ergonomic}
     bool UseCompressedClassPointers               = true                           {product lp64_product} {ergonomic}
     bool UseCompressedOops                        = true                           {product lp64_product} {ergonomic}
     bool UseG1GC                                  = true                                      {product} {ergonomic}
     bool UseLargePagesIndividualAllocation        = false                                  {pd product} {ergonomic}

Logging:
Log output configuration:
 #0: stdout all=warning uptime,level,tags
 #1: stderr all=off uptime,level,tags

Environment Variables:
PATH=D:\Program Files\Git\mingw64\libexec\git-core;D:\Program Files\Git\mingw64\libexec\git-core;D:\Program Files\Git\mingw64\bin;D:\Program Files\Git\usr\bin;C:\Users\Administrator\bin;E:\pythonProject\4DIGG\venv\Scripts;D:\VMware\bin;C:\Program Files (x86)\Common Files\Oracle\Java\javapath;C:\Windows\system32;C:\Windows;C:\Windows\System32\Wbem;C:\Windows\System32\WindowsPowerShell\v1.0;C:\Windows\System32\OpenSSH;C:\Program Files\dotnet;C:\Program Files (x86)\Windows Kits\10\Windows Performance Toolkit;D:\Program Files\Git\cmd;C:\Users\Administrator\AppData\Local\Programs\Python\Python311\Scripts;C:\Users\Administrator\AppData\Local\Programs\Python\Python311;C:\Users\Administrator\AppData\Local\Programs\Python\Python38\Scripts;C:\Users\Administrator\AppData\Local\Programs\Python\Python38;C:\Users\Administrator\AppData\Local\Microsoft\WindowsApps;D:\fiddler;C:\Program Files\JetBrains\PyCharm Community Edition 2023.2.1\bin
USERNAME=Administrator
DISPLAY=:0.0
LC_ALL=en_US.UTF-8
TERM=xterm-256color
TMPDIR=C:\Users\Administrator\AppData\Local\Temp
OS=Windows_NT
PROCESSOR_IDENTIFIER=AMD64 Family 25 Model 80 Stepping 0, AuthenticAMD
TMP=C:\Users\Administrator\AppData\Local\Temp
TEMP=C:\Users\Administrator\AppData\Local\Temp


JNI global refs:
JNI global refs: 9, weak refs: 0

JNI global refs memory usage: 843, weak refs: 209

OOME stack traces (most recent first):
Classloader memory used:
Loader bootstrap                                                                       : 834K
Loader jdk.internal.loader.ClassLoaders$PlatformClassLoader                            : 7003B
Loader jdk.internal.loader.ClassLoaders$AppClassLoader                                 : 1758B


---------------  S Y S T E M  ---------------

OS:
 Windows 10 , 64 bit Build 19041 (10.0.19041.3155)
OS uptime: 2 days 23:36 hours

CPU: total 12 (initial active 12) (12 cores per cpu, 2 threads per core) family 25 model 80 stepping 0 microcode 0x0, cx8, cmov, fxsr, ht, mmx, 3dnowpref, sse, sse2, sse3, ssse3, sse4a, sse4.1, sse4.2, popcnt, lzcnt, tsc, tscinvbit, avx, avx2, aes, erms, clmul, bmi1, bmi2, adx, sha, fma, vzeroupper, clflush, clflushopt
Processor Information for all 12 processors :
  Max Mhz: 2301, Current Mhz: 2301, Mhz Limit: 2301

Memory: 4k page, system-wide physical 15773M (3604M free)
TotalPageFile size 17821M (AvailPageFile size 4M)
current process WorkingSet (physical memory assigned to process): 36M, peak: 36M
current process commit charge ("private bytes"): 335M, peak: 336M

vm_info: OpenJDK 64-Bit Server VM (17.0.8+7-b1000.8) for windows-amd64 JRE (17.0.8+7-b1000.8), built on 2023-08-04 by "builduser" with MS VC++ 16.10 / 16.11 (VS2019)

END.
