[32m 2023-08-30 21:22:32,147 LocalPopup.py LocalPopup localPopup [line:25] INFO: æ–‡ä»¶å¯¼å…¥è·¯å¾„: D:\\Users\\Pictures\\æ–°å»ºæ–‡ä»¶å¤¹[0m
[32m 2023-08-30 21:22:35,131 Collection.py Collection highRepair [line:43] INFO: é«˜çº§ä¿®å¤ä¸­, è¯·è€å¿ƒç­‰å¾…[0m
[32m 2023-08-30 21:23:29,871 LocalPopup.py LocalPopup localPopup [line:25] INFO: æ–‡ä»¶å¯¼å…¥è·¯å¾„: D:\Users\Pictures\æ–°å»ºæ–‡ä»¶å¤¹[0m
[32m 2023-08-30 21:23:32,271 Collection.py Collection highRepair [line:43] INFO: é«˜çº§ä¿®å¤ä¸­, è¯·è€å¿ƒç­‰å¾…[0m
[32m 2023-08-30 21:24:03,854 LocalPopup.py LocalPopup localPopup [line:25] INFO: æ–‡ä»¶å¯¼å…¥è·¯å¾„: D:\Users\Pictures\æ–°å»ºæ–‡ä»¶å¤¹[0m
[32m 2023-08-30 21:24:07,106 Collection.py Collection highRepair [line:44] INFO: é«˜çº§ä¿®å¤ä¸­, è¯·è€å¿ƒç­‰å¾…[0m
[32m 2023-08-30 21:24:45,979 LocalPopup.py LocalPopup localPopup [line:25] INFO: æ–‡ä»¶å¯¼å…¥è·¯å¾„: D:\Users\Pictures\æ–°å»ºæ–‡ä»¶å¤¹[0m
[32m 2023-08-30 21:24:49,048 Collection.py Collection highRepair [line:44] INFO: é«˜çº§ä¿®å¤ä¸­, è¯·è€å¿ƒç­‰å¾…[0m
[32m 2023-08-30 21:36:44,738 LocalPopup.py LocalPopup localPopup [line:25] INFO: æ–‡ä»¶å¯¼å…¥è·¯å¾„: D:\Users\Pictures\æ–°å»ºæ–‡ä»¶å¤¹[0m
[32m 2023-08-30 21:36:48,491 ImgOcr.py ImgOcr highRepair [line:35] INFO: é«˜çº§ä¿®å¤ä¸­, è¯·è€å¿ƒç­‰å¾…[0m
[32m 2023-08-30 21:40:39,771 LocalPopup.py LocalPopup localPopup [line:25] INFO: æ–‡ä»¶å¯¼å…¥è·¯å¾„: D:\Users\Pictures\æ–°å»ºæ–‡ä»¶å¤¹[0m
[32m 2023-08-30 21:40:43,624 ImgOcr.py ImgOcr highRepair [line:35] INFO: é«˜çº§ä¿®å¤ä¸­, è¯·è€å¿ƒç­‰å¾…[0m
[32m 2023-08-30 21:40:50,246 ImgOcr.py ImgOcr highRepair [line:40] INFO: æˆåŠŸä¿®å¤1ä¸ªæ–‡ä»¶[0m
[32m 2023-08-30 21:41:52,241 LocalPopup.py LocalPopup localPopup [line:25] INFO: æ–‡ä»¶å¯¼å…¥è·¯å¾„: D:\Users\Pictures\æ–°å»ºæ–‡ä»¶å¤¹[0m
[32m 2023-08-30 21:41:55,144 ImgOcr.py ImgOcr highRepair [line:34] INFO: é«˜çº§ä¿®å¤ä¸­, è¯·è€å¿ƒç­‰å¾…[0m
[32m 2023-08-30 21:42:00,366 ImgOcr.py ImgOcr highRepair [line:39] INFO: æˆåŠŸä¿®å¤1ä¸ªæ–‡ä»¶[0m
[32m 2023-08-30 21:42:02,835 LocalPopup.py LocalPopup localPopup [line:25] INFO: æ–‡ä»¶å¯¼å…¥è·¯å¾„: D:\Users\Pictures\æ–°å»ºæ–‡ä»¶å¤¹[0m
[32m 2023-08-30 21:42:05,805 ImgOcr.py ImgOcr highRepair [line:34] INFO: é«˜çº§ä¿®å¤ä¸­, è¯·è€å¿ƒç­‰å¾…[0m
[32m 2023-08-30 21:42:11,310 ImgOcr.py ImgOcr highRepair [line:39] INFO: æˆåŠŸä¿®å¤1ä¸ªæ–‡ä»¶[0m
[32m 2023-08-30 21:44:25,027 LocalPopup.py LocalPopup localPopup [line:25] INFO: æ–‡ä»¶å¯¼å…¥è·¯å¾„: D:\Users\Pictures\æ–°å»ºæ–‡ä»¶å¤¹[0m
[32m 2023-08-30 21:44:28,446 ImgOcr.py ImgOcr highRepair [line:35] INFO: é«˜çº§ä¿®å¤ä¸­, è¯·è€å¿ƒç­‰å¾…[0m
[32m 2023-08-30 21:44:34,452 ImgOcr.py ImgOcr highRepair [line:40] INFO: æˆåŠŸä¿®å¤1ä¸ªæ–‡ä»¶[0m
[32m 2023-08-30 21:45:43,621 LocalPopup.py LocalPopup localPopup [line:25] INFO: æ–‡ä»¶å¯¼å…¥è·¯å¾„: D:\Users\Pictures\æ–°å»ºæ–‡ä»¶å¤¹[0m
[32m 2023-08-30 21:45:47,007 ImgOcr.py ImgOcr highRepair [line:36] INFO: é«˜çº§ä¿®å¤ä¸­, è¯·è€å¿ƒç­‰å¾…[0m
[32m 2023-08-30 21:45:53,096 ImgOcr.py ImgOcr highRepair [line:41] INFO: æˆåŠŸä¿®å¤1ä¸ªæ–‡ä»¶[0m
