[32m 2023-08-31 11:30:00,101 LocalPopup.py LocalPopup localPopup [line:25] INFO: æ–‡ä»¶å¯¼å…¥è·¯å¾„: D:\Users\Pictures\æ–°å»ºæ–‡ä»¶
[32m 2023-08-31 11:30:03,388 ImgOcr.py ImgOcr highRepair [line:39] INFO: é«˜çº§ä¿®å¤ä¸­, è¯·è€å¿ƒç­‰å¾…[0m
[32m 2023-08-31 11:30:09,144 ImgOcr.py ImgOcr highRepair [line:44] INFO: æˆåŠŸä¿®å¤1ä¸ªæ–‡ä»¶[0m
[32m 2023-08-31 11:31:03,564 LocalPopup.py LocalPopup localPopup [line:25] INFO: æ–‡ä»¶å¯¼å…¥è·¯å¾„: D:\Users\Pictures\æ–°å»ºæ–‡ä»¶å¤¹[0m
[32m 2023-08-31 11:31:06,767 ImgOcr.py ImgOcr highRepair [line:39] INFO: é«˜çº§ä¿®å¤ä¸­, è¯·è€å¿ƒç­‰å¾…[0m
[32m 2023-08-31 11:31:13,074 ImgOcr.py ImgOcr highRepair [line:44] INFO: æˆåŠŸä¿®å¤1ä¸ªæ–‡ä»¶[0m
[32m 2023-08-31 11:32:05,809 LocalPopup.py LocalPopup localPopup [line:25] INFO: æ–‡ä»¶å¯¼å…¥è·¯å¾„: D:\Users\Pictures\æ–°å»ºæ–‡ä»¶å¤¹[0m
[32m 2023-08-31 11:32:08,862 ImgOcr.py ImgOcr highRepair [line:39] INFO: é«˜çº§ä¿®å¤ä¸­, è¯·è€å¿ƒç­‰å¾…[0m
[32m 2023-08-31 11:32:14,836 ImgOcr.py ImgOcr highRepair [line:44] INFO: æˆåŠŸä¿®å¤1ä¸ªæ–‡ä»¶[0m
[32m 2023-08-31 11:34:54,325 LocalPopup.py LocalPopup localPopup [line:25] INFO: æ–‡ä»¶å¯¼å…¥è·¯å¾„: D:\Users\Pictures\æ–°å»ºæ–‡ä»¶å¤¹[0m
[32m 2023-08-31 11:34:57,862 ImgOcr.py ImgOcr highRepair [line:38] INFO: é«˜çº§ä¿®å¤ä¸­, è¯·è€å¿ƒç­‰å¾…[0m
[32m 2023-08-31 11:35:04,302 ImgOcr.py ImgOcr highRepair [line:43] INFO: æˆåŠŸä¿®å¤1ä¸ªæ–‡ä»¶[0m
[32m 2023-08-31 11:35:58,723 LocalPopup.py LocalPopup localPopup [line:25] INFO: æ–‡ä»¶å¯¼å…¥è·¯å¾„: D:\Users\Pictures\æ–°å»ºæ–‡ä»¶å¤¹[0m
[32m 2023-08-31 11:36:02,259 ImgOcr.py ImgOcr highRepair [line:38] INFO: é«˜çº§ä¿®å¤ä¸­, è¯·è€å¿ƒç­‰å¾…[0m
[32m 2023-08-31 11:36:08,182 ImgOcr.py ImgOcr highRepair [line:43] INFO: æˆåŠŸä¿®å¤1ä¸ªæ–‡ä»¶[0m
[32m 2023-08-31 11:37:16,367 LocalPopup.py LocalPopup localPopup [line:25] INFO: æ–‡ä»¶å¯¼å…¥è·¯å¾„: D:\Users\Pictures\æ–°å»ºæ–‡ä»¶å¤¹[0m
[32m 2023-08-31 11:37:19,919 ImgOcr.py ImgOcr highRepair [line:38] INFO: é«˜çº§ä¿®å¤ä¸­, è¯·è€å¿ƒç­‰å¾…[0m
[32m 2023-08-31 11:37:26,259 ImgOcr.py ImgOcr highRepair [line:43] INFO: æˆåŠŸä¿®å¤1ä¸ªæ–‡ä»¶[0m
[32m 2023-08-31 11:40:59,820 LocalPopup.py LocalPopup localPopup [line:25] INFO: æ–‡ä»¶å¯¼å…¥è·¯å¾„: D:\Users\Pictures\æ–°å»ºæ–‡ä»¶å¤¹[0m
[32m 2023-08-31 11:41:03,240 ImgOcr.py ImgOcr highRepair [line:39] INFO: é«˜çº§ä¿®å¤ä¸­, è¯·è€å¿ƒç­‰å¾…[0m
[32m 2023-08-31 11:41:09,497 ImgOcr.py ImgOcr highRepair [line:44] INFO: æˆåŠŸä¿®å¤1ä¸ªæ–‡ä»¶[0m
[32m 2023-08-31 11:44:52,870 LocalPopup.py LocalPopup localPopup [line:25] INFO: æ–‡ä»¶å¯¼å…¥è·¯å¾„: D:\Users\Pictures\æ–°å»ºæ–‡ä»¶å¤¹[0m
[32m 2023-08-31 11:44:55,503 ImgOcr.py ImgOcr highRepair [line:39] INFO: é«˜çº§ä¿®å¤ä¸­, è¯·è€å¿ƒç­‰å¾…[0m
[32m 2023-08-31 11:45:00,525 ImgOcr.py ImgOcr highRepair [line:44] INFO: æˆåŠŸä¿®å¤1ä¸ªæ–‡ä»¶[0m
[32m 2023-08-31 11:50:27,231 LocalPopup.py LocalPopup localPopup [line:25] INFO: æ–‡ä»¶å¯¼å…¥è·¯å¾„: D:\Users\Pictures\æ–°å»ºæ–‡ä»¶å¤¹[0m
[32m 2023-08-31 11:50:30,433 ImgOcr.py ImgOcr highRepair [line:41] INFO: é«˜çº§ä¿®å¤ä¸­, è¯·è€å¿ƒç­‰å¾…[0m
[32m 2023-08-31 11:50:36,106 ImgOcr.py ImgOcr highRepair [line:46] INFO: æˆåŠŸä¿®å¤1ä¸ªæ–‡ä»¶[0m
[32m 2023-08-31 12:21:25,532 LocalPopup.py LocalPopup localPopup [line:25] INFO: æ–‡ä»¶å¯¼å…¥è·¯å¾„: D:\Users\Pictures\æ–°å»ºæ–‡ä»¶å¤¹[0m
[32m 2023-08-31 12:21:40,481 LocalPopup.py LocalPopup localPopup [line:25] INFO: æ–‡ä»¶å¯¼å…¥è·¯å¾„: D:\Users\Pictures\æ–°å»ºæ–‡ä»¶å¤¹[0m
[32m 2023-08-31 14:15:00,445 LocalPopup.py LocalPopup localPopup [line:25] INFO: æ–‡ä»¶å¯¼å…¥è·¯å¾„: D:\Users\Pictures\æ–°å»ºæ–‡ä»¶å¤¹[0m
[32m 2023-08-31 14:15:16,460 LocalPopup.py LocalPopup localPopup [line:25] INFO: æ–‡ä»¶å¯¼å…¥è·¯å¾„: D:\Users\Pictures\æ–°å»ºæ–‡ä»¶å¤¹[0m
[32m 2023-08-31 14:20:03,577 LocalPopup.py LocalPopup localPopup [line:25] INFO: æ–‡ä»¶å¯¼å…¥è·¯å¾„: D:\Users\Pictures\æ–°å»ºæ–‡ä»¶å¤¹[0m
[32m 2023-08-31 14:20:20,027 LocalPopup.py LocalPopup localPopup [line:25] INFO: æ–‡ä»¶å¯¼å…¥è·¯å¾„: D:\Users\Pictures\æ–°å»ºæ–‡ä»¶å¤¹[0m
[32m 2023-08-31 15:13:42,423 LocalPopup.py LocalPopup localPopup [line:25] INFO: æ–‡ä»¶å¯¼å…¥è·¯å¾„: D:\Users\Pictures\æ–°å»ºæ–‡ä»¶å¤¹[0m
[32m 2023-08-31 15:14:25,683 LocalPopup.py LocalPopup localPopup [line:25] INFO: æ–‡ä»¶å¯¼å…¥è·¯å¾„: D:\Users\Pictures\æ–°å»ºæ–‡ä»¶å¤¹[0m
[32m 2023-08-31 15:15:33,949 LocalPopup.py LocalPopup localPopup [line:25] INFO: æ–‡ä»¶å¯¼å…¥è·¯å¾„: D:\Users\Pictures\æ–°å»ºæ–‡ä»¶å¤¹[0m
[32m 2023-08-31 15:15:43,826 debug.py debug <module> [line:42] INFO: æˆåŠŸä¿®å¤1ä¸ªæ–‡ä»¶[0m
[32m 2023-08-31 15:16:00,158 LocalPopup.py LocalPopup localPopup [line:25] INFO: æ–‡ä»¶å¯¼å…¥è·¯å¾„: D:\Users\Pictures\æ–°å»ºæ–‡ä»¶å¤¹[0m
[32m 2023-08-31 15:16:08,767 debug.py debug <module> [line:42] INFO: æˆåŠŸä¿®å¤1ä¸ªæ–‡ä»¶[0m
[32m 2023-08-31 15:18:11,405 LocalPopup.py LocalPopup localPopup [line:25] INFO: æ–‡ä»¶å¯¼å…¥è·¯å¾„: D:\Users\Pictures\æ–°å»ºæ–‡ä»¶å¤¹[0m
[32m 2023-08-31 15:18:19,864 debug.py debug <module> [line:44] INFO: æˆåŠŸä¿®å¤1ä¸ªæ–‡ä»¶[0m
[32m 2023-08-31 15:18:29,156 LocalPopup.py LocalPopup localPopup [line:25] INFO: æ–‡ä»¶å¯¼å…¥è·¯å¾„: D:\Users\Pictures\æ–°å»ºæ–‡ä»¶å¤¹[0m
[32m 2023-08-31 15:18:38,749 debug.py debug <module> [line:44] INFO: æˆåŠŸä¿®å¤1ä¸ªæ–‡ä»¶[0m
