[32m 2023-09-01 13:05:57,502 doUITemp.py doUITemp importFile [line:125] INFO: æ‰“å¼€æœ¬åœ°æ–‡ä»¶å¯¼å…¥å¼¹çª—[0m
[32m 2023-09-01 13:05:58,719 LocalPopup.py LocalPopup localPopup [line:24] INFO: æ–‡ä»¶å¯¼å…¥è·¯å¾„: D:\Users\Pictures[0m
[32m 2023-09-01 13:05:59,770 doUITemp.py doUITemp importFile [line:129] INFO: æ–‡ä»¶å¯¼å…¥ä¸­, è¯·è€å¿ƒç­‰å¾…[0m
[32m 2023-09-01 13:06:01,960 doUITemp.py doUITemp importFile [line:133] INFO: æ–‡ä»¶å¯¼å…¥å®Œæˆ[0m
[32m 2023-09-01 13:06:02,949 doUITemp.py doUITemp importFile [line:138] INFO: å·²æˆåŠŸå¯¼å…¥0ä¸ªæ–‡ä»¶[0m
[32m 2023-09-01 13:10:18,396 doUITemp.py doUITemp importFile [line:125] INFO: æ‰“å¼€æœ¬åœ°æ–‡ä»¶å¯¼å…¥å¼¹çª—[0m
[32m 2023-09-01 13:10:19,597 LocalPopup.py LocalPopup localPopup [line:24] INFO: æ–‡ä»¶å¯¼å…¥è·¯å¾„: D:\Users\Pictures[0m
[32m 2023-09-01 13:10:20,699 doUITemp.py doUITemp importFile [line:129] INFO: æ–‡ä»¶å¯¼å…¥ä¸­, è¯·è€å¿ƒç­‰å¾…[0m
[32m 2023-09-01 13:10:22,858 doUITemp.py doUITemp importFile [line:133] INFO: æ–‡ä»¶å¯¼å…¥å®Œæˆ[0m
[32m 2023-09-01 13:10:24,076 doUITemp.py doUITemp importFile [line:138] INFO: å·²æˆåŠŸå¯¼å…¥0ä¸ªæ–‡ä»¶[0m
[32m 2023-09-01 13:14:43,929 doUITemp.py doUITemp importFile [line:125] INFO: æ‰“å¼€æœ¬åœ°æ–‡ä»¶å¯¼å…¥å¼¹çª—[0m
[32m 2023-09-01 13:14:45,130 LocalPopup.py LocalPopup localPopup [line:24] INFO: æ–‡ä»¶å¯¼å…¥è·¯å¾„: D:\Users\Pictures[0m
[32m 2023-09-01 13:14:46,281 doUITemp.py doUITemp importFile [line:129] INFO: æ–‡ä»¶å¯¼å…¥ä¸­, è¯·è€å¿ƒç­‰å¾…[0m
[32m 2023-09-01 13:14:48,419 doUITemp.py doUITemp importFile [line:133] INFO: æ–‡ä»¶å¯¼å…¥å®Œæˆ[0m
[32m 2023-09-01 13:16:02,305 doUITemp.py doUITemp importFile [line:125] INFO: æ‰“å¼€æœ¬åœ°æ–‡ä»¶å¯¼å…¥å¼¹çª—[0m
[32m 2023-09-01 13:16:03,507 LocalPopup.py LocalPopup localPopup [line:24] INFO: æ–‡ä»¶å¯¼å…¥è·¯å¾„: D:\Users\Pictures[0m
[32m 2023-09-01 13:16:04,724 doUITemp.py doUITemp importFile [line:129] INFO: æ–‡ä»¶å¯¼å…¥ä¸­, è¯·è€å¿ƒç­‰å¾…[0m
[32m 2023-09-01 13:16:06,840 doUITemp.py doUITemp importFile [line:133] INFO: æ–‡ä»¶å¯¼å…¥å®Œæˆ[0m
[32m 2023-09-01 13:18:11,835 doUITemp.py doUITemp importFile [line:125] INFO: æ‰“å¼€æœ¬åœ°æ–‡ä»¶å¯¼å…¥å¼¹çª—[0m
[32m 2023-09-01 13:18:13,021 LocalPopup.py LocalPopup localPopup [line:24] INFO: æ–‡ä»¶å¯¼å…¥è·¯å¾„: D:\Users\Pictures[0m
[32m 2023-09-01 13:18:14,271 doUITemp.py doUITemp importFile [line:129] INFO: æ–‡ä»¶å¯¼å…¥ä¸­, è¯·è€å¿ƒç­‰å¾…[0m
[32m 2023-09-01 13:18:16,389 doUITemp.py doUITemp importFile [line:133] INFO: æ–‡ä»¶å¯¼å…¥å®Œæˆ[0m
[32m 2023-09-01 14:05:49,407 doUITemp.py doUITemp importFile [line:125] INFO: æ‰“å¼€æœ¬åœ°æ–‡ä»¶å¯¼å…¥å¼¹çª—[0m
[32m 2023-09-01 14:05:50,626 LocalPopup.py LocalPopup localPopup [line:24] INFO: æ–‡ä»¶å¯¼å…¥è·¯å¾„: D:\Users\Pictures[0m
[32m 2023-09-01 14:05:51,827 doUITemp.py doUITemp importFile [line:129] INFO: æ–‡ä»¶å¯¼å…¥ä¸­, è¯·è€å¿ƒç­‰å¾…[0m
[32m 2023-09-01 14:05:53,942 doUITemp.py doUITemp importFile [line:133] INFO: æ–‡ä»¶å¯¼å…¥å®Œæˆ[0m
[32m 2023-09-01 14:06:15,550 doUITemp.py doUITemp importFile [line:125] INFO: æ‰“å¼€æœ¬åœ°æ–‡ä»¶å¯¼å…¥å¼¹çª—[0m
[32m 2023-09-01 14:06:16,785 LocalPopup.py LocalPopup localPopup [line:24] INFO: æ–‡ä»¶å¯¼å…¥è·¯å¾„: D:\Users\Pictures[0m
[32m 2023-09-01 14:06:18,037 doUITemp.py doUITemp importFile [line:129] INFO: æ–‡ä»¶å¯¼å…¥ä¸­, è¯·è€å¿ƒç­‰å¾…[0m
[32m 2023-09-01 14:06:20,163 doUITemp.py doUITemp importFile [line:133] INFO: æ–‡ä»¶å¯¼å…¥å®Œæˆ[0m
[32m 2023-09-01 14:06:58,877 doUITemp.py doUITemp importFile [line:125] INFO: æ‰“å¼€æœ¬åœ°æ–‡ä»¶å¯¼å…¥å¼¹çª—[0m
[32m 2023-09-01 14:07:00,079 LocalPopup.py LocalPopup localPopup [line:24] INFO: æ–‡ä»¶å¯¼å…¥è·¯å¾„: D:\Users\Pictures[0m
[32m 2023-09-01 14:07:01,313 doUITemp.py doUITemp importFile [line:129] INFO: æ–‡ä»¶å¯¼å…¥ä¸­, è¯·è€å¿ƒç­‰å¾…[0m
[32m 2023-09-01 14:08:06,929 doUITemp.py doUITemp importFile [line:125] INFO: æ‰“å¼€æœ¬åœ°æ–‡ä»¶å¯¼å…¥å¼¹çª—[0m
[32m 2023-09-01 14:08:08,113 LocalPopup.py LocalPopup localPopup [line:24] INFO: æ–‡ä»¶å¯¼å…¥è·¯å¾„: D:\Users\Pictures[0m
[32m 2023-09-01 14:08:09,265 doUITemp.py doUITemp importFile [line:129] INFO: æ–‡ä»¶å¯¼å…¥ä¸­, è¯·è€å¿ƒç­‰å¾…[0m
[32m 2023-09-01 14:08:11,421 doUITemp.py doUITemp importFile [line:133] INFO: æ–‡ä»¶å¯¼å…¥å®Œæˆ[0m
[32m 2023-09-01 14:08:14,049 doUITemp.py doUITemp importFile [line:138] INFO: å·²æˆåŠŸå¯¼å…¥285ä¸ªæ–‡ä»¶[0m
[32m 2023-09-01 14:22:21,449 doUITemp.py doUITemp importFile [line:125] INFO: æ‰“å¼€æœ¬åœ°æ–‡ä»¶å¯¼å…¥å¼¹çª—[0m
[32m 2023-09-01 14:22:22,635 LocalPopup.py LocalPopup localPopup [line:24] INFO: æ–‡ä»¶å¯¼å…¥è·¯å¾„: D:\Users\Pictures[0m
[32m 2023-09-01 14:22:23,852 doUITemp.py doUITemp importFile [line:129] INFO: æ–‡ä»¶å¯¼å…¥ä¸­, è¯·è€å¿ƒç­‰å¾…[0m
[32m 2023-09-01 14:22:28,585 doUITemp.py doUITemp importFile [line:133] INFO: æ–‡ä»¶å¯¼å…¥å®Œæˆ[0m
[32m 2023-09-01 14:23:28,950 doUITemp.py doUITemp importFile [line:125] INFO: æ‰“å¼€æœ¬åœ°æ–‡ä»¶å¯¼å…¥å¼¹çª—[0m
[32m 2023-09-01 14:23:30,136 LocalPopup.py LocalPopup localPopup [line:24] INFO: æ–‡ä»¶å¯¼å…¥è·¯å¾„: D:\Users\Pictures[0m
[32m 2023-09-01 14:23:31,385 doUITemp.py doUITemp importFile [line:129] INFO: æ–‡ä»¶å¯¼å…¥ä¸­, è¯·è€å¿ƒç­‰å¾…[0m
[32m 2023-09-01 14:23:38,555 doUITemp.py doUITemp importFile [line:139] INFO: æ–‡ä»¶å¯¼å…¥å®Œæˆ[0m
[32m 2023-09-01 14:24:05,520 doUITemp.py doUITemp importFile [line:125] INFO: æ‰“å¼€æœ¬åœ°æ–‡ä»¶å¯¼å…¥å¼¹çª—[0m
[32m 2023-09-01 14:24:06,756 LocalPopup.py LocalPopup localPopup [line:24] INFO: æ–‡ä»¶å¯¼å…¥è·¯å¾„: D:\Users\Pictures[0m
[32m 2023-09-01 14:24:07,956 doUITemp.py doUITemp importFile [line:129] INFO: æ–‡ä»¶å¯¼å…¥ä¸­, è¯·è€å¿ƒç­‰å¾…[0m
[32m 2023-09-01 14:24:22,096 doUITemp.py doUITemp importFile [line:139] INFO: æ–‡ä»¶å¯¼å…¥å®Œæˆ[0m
[32m 2023-09-01 14:24:24,656 doUITemp.py doUITemp importFile [line:144] INFO: å·²æˆåŠŸå¯¼å…¥285ä¸ªæ–‡ä»¶[0m
[32m 2023-09-01 14:29:39,987 doUITemp.py doUITemp importFile [line:125] INFO: æ‰“å¼€æœ¬åœ°æ–‡ä»¶å¯¼å…¥å¼¹çª—[0m
[32m 2023-09-01 14:29:41,173 LocalPopup.py LocalPopup localPopup [line:24] INFO: æ–‡ä»¶å¯¼å…¥è·¯å¾„: D:\Users\Pictures[0m
[32m 2023-09-01 14:29:42,390 doUITemp.py doUITemp importFile [line:129] INFO: æ–‡ä»¶å¯¼å…¥ä¸­, è¯·è€å¿ƒç­‰å¾…[0m
[32m 2023-09-01 14:29:46,974 doUITemp.py doUITemp importFile [line:139] INFO: æ–‡ä»¶å¯¼å…¥å®Œæˆ[0m
[32m 2023-09-01 14:35:39,730 doUITemp.py doUITemp importFile [line:125] INFO: æ‰“å¼€æœ¬åœ°æ–‡ä»¶å¯¼å…¥å¼¹çª—[0m
[32m 2023-09-01 14:35:40,915 LocalPopup.py LocalPopup localPopup [line:24] INFO: æ–‡ä»¶å¯¼å…¥è·¯å¾„: D:\Users\Pictures[0m
[32m 2023-09-01 14:35:42,100 doUITemp.py doUITemp importFile [line:129] INFO: æ–‡ä»¶å¯¼å…¥ä¸­, è¯·è€å¿ƒç­‰å¾…[0m
[32m 2023-09-01 14:36:38,422 doUITemp.py doUITemp importFile [line:125] INFO: æ‰“å¼€æœ¬åœ°æ–‡ä»¶å¯¼å…¥å¼¹çª—[0m
[32m 2023-09-01 14:36:39,674 LocalPopup.py LocalPopup localPopup [line:24] INFO: æ–‡ä»¶å¯¼å…¥è·¯å¾„: D:\Users\Pictures[0m
[32m 2023-09-01 14:36:40,875 doUITemp.py doUITemp importFile [line:129] INFO: æ–‡ä»¶å¯¼å…¥ä¸­, è¯·è€å¿ƒç­‰å¾…[0m
[32m 2023-09-01 14:36:42,998 doUITemp.py doUITemp importFile [line:133] INFO: æ–‡ä»¶å¯¼å…¥å®Œæˆ[0m
[32m 2023-09-01 14:36:45,539 doUITemp.py doUITemp importFile [line:138] INFO: å·²æˆåŠŸå¯¼å…¥106ä¸ªæ–‡ä»¶[0m
[32m 2023-09-01 14:36:45,539 test_video_repair.py test_video_repair test_File_Import [line:14] INFO: æµ‹è¯•æ–‡ä»¶å¯¼å…¥ Pass[0m
[32m 2023-09-01 14:43:56,143 doUITemp.py doUITemp importFile [line:125] INFO: æ‰“å¼€æœ¬åœ°æ–‡ä»¶å¯¼å…¥å¼¹çª—[0m
[32m 2023-09-01 14:43:57,413 LocalPopup.py LocalPopup localPopup [line:24] INFO: æ–‡ä»¶å¯¼å…¥è·¯å¾„: D:\Users\Pictures[0m
[32m 2023-09-01 14:43:58,713 doUITemp.py doUITemp importFile [line:129] INFO: æ–‡ä»¶å¯¼å…¥ä¸­, è¯·è€å¿ƒç­‰å¾…[0m
[32m 2023-09-01 14:44:00,827 doUITemp.py doUITemp importFile [line:133] INFO: æ–‡ä»¶å¯¼å…¥å®Œæˆ[0m
[32m 2023-09-01 14:44:32,229 doUITemp.py doUITemp importFile [line:125] INFO: æ‰“å¼€æœ¬åœ°æ–‡ä»¶å¯¼å…¥å¼¹çª—[0m
[32m 2023-09-01 14:44:33,414 LocalPopup.py LocalPopup localPopup [line:24] INFO: æ–‡ä»¶å¯¼å…¥è·¯å¾„: D:\Users\Pictures[0m
[32m 2023-09-01 14:44:34,564 doUITemp.py doUITemp importFile [line:129] INFO: æ–‡ä»¶å¯¼å…¥ä¸­, è¯·è€å¿ƒç­‰å¾…[0m
[32m 2023-09-01 14:46:05,622 doUITemp.py doUITemp importFile [line:125] INFO: æ‰“å¼€æœ¬åœ°æ–‡ä»¶å¯¼å…¥å¼¹çª—[0m
[32m 2023-09-01 14:46:06,857 LocalPopup.py LocalPopup localPopup [line:24] INFO: æ–‡ä»¶å¯¼å…¥è·¯å¾„: D:\Users\Pictures[0m
[32m 2023-09-01 14:46:08,126 doUITemp.py doUITemp importFile [line:129] INFO: æ–‡ä»¶å¯¼å…¥ä¸­, è¯·è€å¿ƒç­‰å¾…[0m
[32m 2023-09-01 14:46:10,246 doUITemp.py doUITemp importFile [line:133] INFO: æ–‡ä»¶å¯¼å…¥å®Œæˆ[0m
[32m 2023-09-01 14:46:12,719 doUITemp.py doUITemp importFile [line:138] INFO: å·²æˆåŠŸå¯¼å…¥110ä¸ªæ–‡ä»¶[0m
[32m 2023-09-01 14:46:12,719 test_video_repair.py test_video_repair test_File_Import [line:14] INFO: æµ‹è¯•æ–‡ä»¶å¯¼å…¥ Pass[0m
[32m 2023-09-01 14:47:26,203 doUITemp.py doUITemp importFile [line:125] INFO: æ‰“å¼€æœ¬åœ°æ–‡ä»¶å¯¼å…¥å¼¹çª—[0m
[32m 2023-09-01 14:47:27,389 LocalPopup.py LocalPopup localPopup [line:24] INFO: æ–‡ä»¶å¯¼å…¥è·¯å¾„: D:\Users\Pictures[0m
[32m 2023-09-01 14:47:28,589 doUITemp.py doUITemp importFile [line:129] INFO: æ–‡ä»¶å¯¼å…¥ä¸­, è¯·è€å¿ƒç­‰å¾…[0m
[32m 2023-09-01 14:47:58,452 doUITemp.py doUITemp importFile [line:125] INFO: æ‰“å¼€æœ¬åœ°æ–‡ä»¶å¯¼å…¥å¼¹çª—[0m
[32m 2023-09-01 14:47:59,688 LocalPopup.py LocalPopup localPopup [line:24] INFO: æ–‡ä»¶å¯¼å…¥è·¯å¾„: D:\Users\Pictures[0m
[32m 2023-09-01 14:48:00,839 doUITemp.py doUITemp importFile [line:129] INFO: æ–‡ä»¶å¯¼å…¥ä¸­, è¯·è€å¿ƒç­‰å¾…[0m
[32m 2023-09-01 14:48:02,954 doUITemp.py doUITemp importFile [line:133] INFO: æ–‡ä»¶å¯¼å…¥å®Œæˆ[0m
[32m 2023-09-01 14:48:53,774 doUITemp.py doUITemp importFile [line:125] INFO: æ‰“å¼€æœ¬åœ°æ–‡ä»¶å¯¼å…¥å¼¹çª—[0m
[32m 2023-09-01 14:48:54,943 LocalPopup.py LocalPopup localPopup [line:24] INFO: æ–‡ä»¶å¯¼å…¥è·¯å¾„: D:\Users\Pictures[0m
[32m 2023-09-01 14:48:56,143 doUITemp.py doUITemp importFile [line:129] INFO: æ–‡ä»¶å¯¼å…¥ä¸­, è¯·è€å¿ƒç­‰å¾…[0m
[32m 2023-09-01 14:48:58,261 doUITemp.py doUITemp importFile [line:133] INFO: æ–‡ä»¶å¯¼å…¥å®Œæˆ[0m
[32m 2023-09-01 15:00:09,883 doUITemp.py doUITemp importFile [line:125] INFO: æ‰“å¼€æœ¬åœ°æ–‡ä»¶å¯¼å…¥å¼¹çª—[0m
[32m 2023-09-01 15:00:11,085 LocalPopup.py LocalPopup localPopup [line:24] INFO: æ–‡ä»¶å¯¼å…¥è·¯å¾„: D:\Users\Pictures[0m
[32m 2023-09-01 15:00:12,352 doUITemp.py doUITemp importFile [line:129] INFO: æ–‡ä»¶å¯¼å…¥ä¸­, è¯·è€å¿ƒç­‰å¾…[0m
[32m 2023-09-01 15:00:14,476 doUITemp.py doUITemp importFile [line:133] INFO: æ–‡ä»¶å¯¼å…¥å®Œæˆ[0m
[32m 2023-09-01 15:00:17,592 doUITemp.py doUITemp importFile [line:138] INFO: å·²æˆåŠŸå¯¼å…¥114ä¸ªæ–‡ä»¶[0m
[32m 2023-09-01 15:00:17,592 test_video_repair.py test_video_repair test_File_Import [line:14] INFO: æµ‹è¯•æ–‡ä»¶å¯¼å…¥ Pass[0m
[32m 2023-09-01 15:11:43,277 doUITemp.py doUITemp importFile [line:124] INFO: æ‰“å¼€æœ¬åœ°æ–‡ä»¶å¯¼å…¥å¼¹çª—[0m
[32m 2023-09-01 15:11:44,494 LocalPopup.py LocalPopup localPopup [line:24] INFO: æ–‡ä»¶å¯¼å…¥è·¯å¾„: D:\Users\Pictures[0m
[32m 2023-09-01 15:11:45,712 doUITemp.py doUITemp importFile [line:128] INFO: æ–‡ä»¶å¯¼å…¥ä¸­, è¯·è€å¿ƒç­‰å¾…[0m
[32m 2023-09-01 15:14:04,634 doUITemp.py doUITemp importFile [line:124] INFO: æ‰“å¼€æœ¬åœ°æ–‡ä»¶å¯¼å…¥å¼¹çª—[0m
[32m 2023-09-01 15:14:05,836 LocalPopup.py LocalPopup localPopup [line:24] INFO: æ–‡ä»¶å¯¼å…¥è·¯å¾„: D:\Users\Pictures[0m
[32m 2023-09-01 15:14:07,039 doUITemp.py doUITemp importFile [line:128] INFO: æ–‡ä»¶å¯¼å…¥ä¸­, è¯·è€å¿ƒç­‰å¾…[0m
[32m 2023-09-01 15:14:26,135 doUITemp.py doUITemp importFile [line:132] INFO: æ–‡ä»¶å¯¼å…¥å®Œæˆ[0m
[32m 2023-09-01 15:14:28,646 doUITemp.py doUITemp importFile [line:137] INFO: å·²æˆåŠŸå¯¼å…¥286ä¸ªæ–‡ä»¶[0m
[32m 2023-09-01 15:14:28,647 test_video_repair.py test_video_repair test_File_Import [line:14] INFO: æµ‹è¯•æ–‡ä»¶å¯¼å…¥ Pass[0m
[32m 2023-09-01 15:18:19,090 doUITemp.py doUITemp importFile [line:123] INFO: æ‰“å¼€æœ¬åœ°æ–‡ä»¶å¯¼å…¥å¼¹çª—[0m
[32m 2023-09-01 15:18:20,308 LocalPopup.py LocalPopup localPopup [line:24] INFO: æ–‡ä»¶å¯¼å…¥è·¯å¾„: D:\Users\Pictures[0m
[32m 2023-09-01 15:18:21,526 doUITemp.py doUITemp importFile [line:127] INFO: æ–‡ä»¶å¯¼å…¥ä¸­, è¯·è€å¿ƒç­‰å¾…[0m
[32m 2023-09-01 15:18:41,232 doUITemp.py doUITemp importFile [line:131] INFO: æ–‡ä»¶å¯¼å…¥å®Œæˆ[0m
[32m 2023-09-01 15:18:43,759 doUITemp.py doUITemp importFile [line:136] INFO: å·²æˆåŠŸå¯¼å…¥286ä¸ªæ–‡ä»¶[0m
[32m 2023-09-01 15:18:43,759 test_video_repair.py test_video_repair test_File_Import [line:14] INFO: æµ‹è¯•æ–‡ä»¶å¯¼å…¥ Pass[0m
[32m 2023-09-01 15:43:05,474 doUITemp.py doUITemp importFile [line:129] INFO: æ‰“å¼€æœ¬åœ°æ–‡ä»¶å¯¼å…¥å¼¹çª—[0m
[32m 2023-09-01 15:43:06,758 LocalPopup.py LocalPopup localPopup [line:24] INFO: æ–‡ä»¶å¯¼å…¥è·¯å¾„: D:\Users\Pictures[0m
[32m 2023-09-01 15:43:08,043 doUITemp.py doUITemp importFile [line:133] INFO: æ–‡ä»¶å¯¼å…¥ä¸­, è¯·è€å¿ƒç­‰å¾…[0m
[32m 2023-09-01 15:43:25,175 doUITemp.py doUITemp importFile [line:137] INFO: æ–‡ä»¶å¯¼å…¥å®Œæˆ[0m
[32m 2023-09-01 15:43:27,697 doUITemp.py doUITemp importFile [line:142] INFO: å·²æˆåŠŸå¯¼å…¥286ä¸ªæ–‡ä»¶[0m
[32m 2023-09-01 15:43:27,906 test_video_repair.py test_video_repair test_File_Import [line:14] INFO: æµ‹è¯•æ–‡ä»¶å¯¼å…¥ Pass[0m
[32m 2023-09-01 15:46:14,496 doUITemp.py doUITemp importFile [line:129] INFO: æ‰“å¼€æœ¬åœ°æ–‡ä»¶å¯¼å…¥å¼¹çª—[0m
[32m 2023-09-01 15:46:15,847 LocalPopup.py LocalPopup localPopup [line:24] INFO: æ–‡ä»¶å¯¼å…¥è·¯å¾„: D:\Users\Pictures[0m
[32m 2023-09-01 15:46:16,998 doUITemp.py doUITemp importFile [line:133] INFO: æ–‡ä»¶å¯¼å…¥ä¸­, è¯·è€å¿ƒç­‰å¾…[0m
[32m 2023-09-01 15:46:33,941 doUITemp.py doUITemp importFile [line:137] INFO: æ–‡ä»¶å¯¼å…¥å®Œæˆ[0m
[32m 2023-09-01 15:46:36,651 doUITemp.py doUITemp importFile [line:142] INFO: å·²æˆåŠŸå¯¼å…¥286ä¸ªæ–‡ä»¶[0m
[32m 2023-09-01 15:46:40,505 test_video_repair.py test_video_repair test_File_Import [line:14] INFO: æµ‹è¯•æ–‡ä»¶å¯¼å…¥ Pass[0m
[32m 2023-09-01 15:48:00,836 doUITemp.py doUITemp importFile [line:129] INFO: æ‰“å¼€æœ¬åœ°æ–‡ä»¶å¯¼å…¥å¼¹çª—[0m
[32m 2023-09-01 15:48:02,137 LocalPopup.py LocalPopup localPopup [line:24] INFO: æ–‡ä»¶å¯¼å…¥è·¯å¾„: D:\Users\Pictures[0m
[32m 2023-09-01 15:48:03,588 doUITemp.py doUITemp importFile [line:133] INFO: æ–‡ä»¶å¯¼å…¥ä¸­, è¯·è€å¿ƒç­‰å¾…[0m
[32m 2023-09-01 15:48:20,476 doUITemp.py doUITemp importFile [line:137] INFO: æ–‡ä»¶å¯¼å…¥å®Œæˆ[0m
[32m 2023-09-01 15:48:23,160 doUITemp.py doUITemp importFile [line:142] INFO: å·²æˆåŠŸå¯¼å…¥286ä¸ªæ–‡ä»¶[0m
[32m 2023-09-01 15:48:26,929 test_video_repair.py test_video_repair test_File_Import [line:14] INFO: æµ‹è¯•æ–‡ä»¶å¯¼å…¥ Pass[0m
[32m 2023-09-01 15:48:29,764 doUITemp.py doUITemp importFile [line:129] INFO: æ‰“å¼€æœ¬åœ°æ–‡ä»¶å¯¼å…¥å¼¹çª—[0m
[32m 2023-09-01 15:48:31,349 LocalPopup.py LocalPopup localPopup [line:24] INFO: æ–‡ä»¶å¯¼å…¥è·¯å¾„: D:\Users\Pictures[0m
[32m 2023-09-01 15:48:32,651 doUITemp.py doUITemp importFile [line:133] INFO: æ–‡ä»¶å¯¼å…¥ä¸­, è¯·è€å¿ƒç­‰å¾…[0m
[32m 2023-09-01 15:48:51,905 doUITemp.py doUITemp importFile [line:137] INFO: æ–‡ä»¶å¯¼å…¥å®Œæˆ[0m
[32m 2023-09-01 15:48:54,442 doUITemp.py doUITemp importFile [line:142] INFO: å·²æˆåŠŸå¯¼å…¥286ä¸ªæ–‡ä»¶[0m
[32m 2023-09-01 15:48:54,442 doUITemp.py doUITemp singleFileRemove [line:159] INFO: éšæœºç§»é™¤1ä¸ªæ–‡ä»¶, è¯·è€å¿ƒç­‰å¾…[0m
[32m 2023-09-01 15:48:57,246 doUITemp.py doUITemp singleFileRemove [line:166] INFO: ç§»é™¤ä¹‹åå‰©ä½™285ä¸ªæ–‡ä»¶[0m
[32m 2023-09-01 15:49:03,666 doUITemp.py doUITemp importFile [line:129] INFO: æ‰“å¼€æœ¬åœ°æ–‡ä»¶å¯¼å…¥å¼¹çª—[0m
[32m 2023-09-01 15:49:04,983 LocalPopup.py LocalPopup localPopup [line:24] INFO: æ–‡ä»¶å¯¼å…¥è·¯å¾„: D:\Users\Pictures[0m
[32m 2023-09-01 15:49:06,201 doUITemp.py doUITemp importFile [line:133] INFO: æ–‡ä»¶å¯¼å…¥ä¸­, è¯·è€å¿ƒç­‰å¾…[0m
[32m 2023-09-01 15:49:23,493 doUITemp.py doUITemp importFile [line:137] INFO: æ–‡ä»¶å¯¼å…¥å®Œæˆ[0m
[32m 2023-09-01 15:49:26,138 doUITemp.py doUITemp importFile [line:142] INFO: å·²æˆåŠŸå¯¼å…¥286ä¸ªæ–‡ä»¶[0m
[32m 2023-09-01 15:49:26,139 doUITemp.py doUITemp singleFileRemove [line:159] INFO: éšæœºç§»é™¤1ä¸ªæ–‡ä»¶, è¯·è€å¿ƒç­‰å¾…[0m
[32m 2023-09-01 15:49:28,953 doUITemp.py doUITemp singleFileRemove [line:166] INFO: ç§»é™¤ä¹‹åå‰©ä½™285ä¸ªæ–‡ä»¶[0m
[32m 2023-09-01 15:49:35,147 doUITemp.py doUITemp importFile [line:129] INFO: æ‰“å¼€æœ¬åœ°æ–‡ä»¶å¯¼å…¥å¼¹çª—[0m
[32m 2023-09-01 15:49:36,531 LocalPopup.py LocalPopup localPopup [line:24] INFO: æ–‡ä»¶å¯¼å…¥è·¯å¾„: D:\Users\Pictures[0m
[32m 2023-09-01 15:49:37,733 doUITemp.py doUITemp importFile [line:133] INFO: æ–‡ä»¶å¯¼å…¥ä¸­, è¯·è€å¿ƒç­‰å¾…[0m
[32m 2023-09-01 15:49:58,713 doUITemp.py doUITemp importFile [line:137] INFO: æ–‡ä»¶å¯¼å…¥å®Œæˆ[0m
[32m 2023-09-01 15:50:01,269 doUITemp.py doUITemp importFile [line:142] INFO: å·²æˆåŠŸå¯¼å…¥286ä¸ªæ–‡ä»¶[0m
[32m 2023-09-01 15:50:03,909 doUITemp.py doUITemp fileRepair [line:206] INFO: ä¿®å¤ä¸­, è¯·è€å¿ƒç­‰å¾…[0m
[32m 2023-09-01 15:50:26,448 doUITemp.py doUITemp importFile [line:129] INFO: æ‰“å¼€æœ¬åœ°æ–‡ä»¶å¯¼å…¥å¼¹çª—[0m
[32m 2023-09-01 15:50:40,079 doUITemp.py doUITemp importFile [line:129] INFO: æ‰“å¼€æœ¬åœ°æ–‡ä»¶å¯¼å…¥å¼¹çª—[0m
[32m 2023-09-01 15:50:54,509 doUITemp.py doUITemp importFile [line:129] INFO: æ‰“å¼€æœ¬åœ°æ–‡ä»¶å¯¼å…¥å¼¹çª—[0m
[32m 2023-09-01 15:55:10,232 doUITemp.py doUITemp importFile [line:129] INFO: æ‰“å¼€æœ¬åœ°æ–‡ä»¶å¯¼å…¥å¼¹çª—[0m
[32m 2023-09-01 15:55:11,583 LocalPopup.py LocalPopup localPopup [line:24] INFO: æ–‡ä»¶å¯¼å…¥è·¯å¾„: D:\Users\Pictures[0m
[32m 2023-09-01 15:55:12,768 doUITemp.py doUITemp importFile [line:133] INFO: æ–‡ä»¶å¯¼å…¥ä¸­, è¯·è€å¿ƒç­‰å¾…[0m
[32m 2023-09-01 15:55:33,398 doUITemp.py doUITemp importFile [line:137] INFO: æ–‡ä»¶å¯¼å…¥å®Œæˆ[0m
[32m 2023-09-01 15:55:36,149 doUITemp.py doUITemp importFile [line:142] INFO: å·²æˆåŠŸå¯¼å…¥286ä¸ªæ–‡ä»¶[0m
[32m 2023-09-01 15:55:36,150 doUITemp.py doUITemp singleFileRemove [line:159] INFO: éšæœºç§»é™¤1ä¸ªæ–‡ä»¶, è¯·è€å¿ƒç­‰å¾…[0m
[32m 2023-09-01 15:55:39,127 doUITemp.py doUITemp singleFileRemove [line:166] INFO: ç§»é™¤ä¹‹åå‰©ä½™285ä¸ªæ–‡ä»¶[0m
