[32m 2023-09-09 11:29:57,163 main.py main <module> [line:30] INFO: pythonç‰ˆæœ¬: Python3.11.4[0m
[32m 2023-09-09 11:29:57,163 main.py main <module> [line:31] INFO: é…ç½®æ–‡ä»¶è·¯å¾„: D:\PythonFile\tools\4DDIG\config.ini[0m
[32m 2023-09-09 11:29:57,164 main.py main <module> [line:32] INFO: ç¨‹åºå®‰è£…è·¯å¾„: C:\Program Files\4DDiG File Repair\4DDiG File Repair.exe[0m
[32m 2023-09-09 11:29:57,164 main.py main <module> [line:34] INFO: ************************************************************Start************************************************************[0m
[32m 2023-09-09 11:30:05,224 doUITemp.py doUITemp importFile [line:136] INFO: æ‰“å¼€æœ¬åœ°æ–‡ä»¶å¯¼å…¥å¼¹çª—[0m
[32m 2023-09-09 11:30:09,143 LocalPopup.py LocalPopup localPopup [line:27] INFO: æ–‡ä»¶å¯¼å…¥è·¯å¾„: D:\Users\Pictures\Import[0m
[32m 2023-09-09 11:30:12,930 doUITemp.py doUITemp importFile [line:140] INFO: æ–‡ä»¶å¯¼å…¥ä¸­, è¯·è€å¿ƒç­‰å¾…[0m
[32m 2023-09-09 11:30:28,080 doUITemp.py doUITemp importFile [line:147] INFO: æ–‡ä»¶å¯¼å…¥å®Œæˆ, å·²æˆåŠŸå¯¼å…¥1ä¸ªæ–‡ä»¶[0m
[32m 2023-09-09 11:30:33,734 doUITemp.py doUITemp importFile [line:136] INFO: æ‰“å¼€æœ¬åœ°æ–‡ä»¶å¯¼å…¥å¼¹çª—[0m
[32m 2023-09-09 11:30:37,471 LocalPopup.py LocalPopup localPopup [line:27] INFO: æ–‡ä»¶å¯¼å…¥è·¯å¾„: D:\Users\Pictures\Remove[0m
[32m 2023-09-09 11:30:41,125 doUITemp.py doUITemp importFile [line:140] INFO: æ–‡ä»¶å¯¼å…¥ä¸­, è¯·è€å¿ƒç­‰å¾…[0m
[32m 2023-09-09 11:30:56,128 doUITemp.py doUITemp importFile [line:147] INFO: æ–‡ä»¶å¯¼å…¥å®Œæˆ, å·²æˆåŠŸå¯¼å…¥2ä¸ªæ–‡ä»¶[0m
[32m 2023-09-09 11:30:56,128 doUITemp.py doUITemp singleFileRemove [line:164] INFO: éšæœºç§»é™¤1ä¸ªæ–‡ä»¶, è¯·è€å¿ƒç­‰å¾…[0m
[32m 2023-09-09 11:30:58,279 doUITemp.py doUITemp singleFileRemove [line:173] INFO: ç§»é™¤ä¹‹åå‰©ä½™1ä¸ªæ–‡ä»¶[0m
[32m 2023-09-09 11:31:03,830 doUITemp.py doUITemp importFile [line:136] INFO: æ‰“å¼€æœ¬åœ°æ–‡ä»¶å¯¼å…¥å¼¹çª—[0m
[32m 2023-09-09 11:31:07,517 LocalPopup.py LocalPopup localPopup [line:27] INFO: æ–‡ä»¶å¯¼å…¥è·¯å¾„: D:\Users\Pictures\Remove[0m
[32m 2023-09-09 11:31:11,237 doUITemp.py doUITemp importFile [line:140] INFO: æ–‡ä»¶å¯¼å…¥ä¸­, è¯·è€å¿ƒç­‰å¾…[0m
[32m 2023-09-09 11:43:58,993 doUITemp.py doUITemp importFile [line:136] INFO: æ‰“å¼€æœ¬åœ°æ–‡ä»¶å¯¼å…¥å¼¹çª—[0m
[32m 2023-09-09 11:44:02,645 LocalPopup.py LocalPopup localPopup [line:27] INFO: æ–‡ä»¶å¯¼å…¥è·¯å¾„: D:\Users\Pictures\Export[0m
[32m 2023-09-09 11:44:06,583 doUITemp.py doUITemp importFile [line:140] INFO: æ–‡ä»¶å¯¼å…¥ä¸­, è¯·è€å¿ƒç­‰å¾…[0m
[32m 2023-09-09 11:44:21,413 doUITemp.py doUITemp importFile [line:155] INFO: æ–‡ä»¶å¯¼å…¥å®Œæˆ, å·²æˆåŠŸå¯¼å…¥1ä¸ªæ–‡ä»¶[0m
[32m 2023-09-09 11:44:23,166 doUITemp.py doUITemp allFileExport [line:289] INFO: ä¿®å¤ä¸­, è¯·è€å¿ƒç­‰å¾…[0m
[32m 2023-09-09 11:44:26,257 Collection.py Collection waitRepairComplete [line:93] INFO: 1ä¸ªæ–‡ä»¶ä¿®å¤æˆåŠŸ, 0ä¸ªæ–‡ä»¶ä¿®å¤å¤±è´¥[0m
